{"numFailedTestSuites":1,"numFailedTests":1,"numPassedTestSuites":10,"numPassedTests":110,"numPendingTestSuites":0,"numPendingTests":0,"numRuntimeErrorTestSuites":0,"numTodoTests":0,"numTotalTestSuites":11,"numTotalTests":111,"openHandles":[],"snapshot":{"added":0,"didUpdate":false,"failure":false,"filesAdded":0,"filesRemoved":0,"filesRemovedList":[],"filesUnmatched":0,"filesUpdated":0,"matched":0,"total":0,"unchecked":0,"uncheckedKeysByFile":[],"unmatched":0,"updated":0},"startTime":1776007107177,"success":false,"testResults":[{"assertionResults":[{"ancestorTitles":["Auth routes v2"],"duration":102,"failureDetails":[],"failureMessages":[],"fullName":"Auth routes v2 POST /api/v2/auth/login usa LoginUseCase","invocations":1,"location":null,"numPassingAsserts":3,"retryReasons":[],"status":"passed","title":"POST /api/v2/auth/login usa LoginUseCase"},{"ancestorTitles":["Auth routes v2"],"duration":26,"failureDetails":[],"failureMessages":[],"fullName":"Auth routes v2 POST /api/v2/auth/register usa RegisterUserUseCase","invocations":1,"location":null,"numPassingAsserts":3,"retryReasons":[],"status":"passed","title":"POST /api/v2/auth/register usa RegisterUserUseCase"},{"ancestorTitles":["Auth routes v2"],"duration":21,"failureDetails":[],"failureMessages":[],"fullName":"Auth routes v2 POST /api/v2/auth/refresh valida ausencia de refresh token","invocations":1,"location":null,"numPassingAsserts":2,"retryReasons":[],"status":"passed","title":"POST /api/v2/auth/refresh valida ausencia de refresh token"},{"ancestorTitles":["Auth routes v2"],"duration":25,"failureDetails":[],"failureMessages":[],"fullName":"Auth routes v2 POST /api/v2/auth/refresh emite nuevos tokens con jwtToken.service mockeado","invocations":1,"location":null,"numPassingAsserts":6,"retryReasons":[],"status":"passed","title":"POST /api/v2/auth/refresh emite nuevos tokens con jwtToken.service mockeado"},{"ancestorTitles":["Auth routes v2"],"duration":19,"failureDetails":[{"matcherResult":{"message":"\u001b[2mexpect(\u001b[22m\u001b[31mreceived\u001b[39m\u001b[2m).\u001b[22mtoMatch\u001b[2m(\u001b[22m\u001b[32mexpected\u001b[39m\u001b[2m)\u001b[22m\n\nExpected pattern: \u001b[32m/inválido|invalido/i\u001b[39m\nReceived string:  \u001b[31m\"Refresh token invÃ¡lido\"\u001b[39m","pass":false}}],"failureMessages":["Error: \u001b[2mexpect(\u001b[22m\u001b[31mreceived\u001b[39m\u001b[2m).\u001b[22mtoMatch\u001b[2m(\u001b[22m\u001b[32mexpected\u001b[39m\u001b[2m)\u001b[22m\n\nExpected pattern: \u001b[32m/inválido|invalido/i\u001b[39m\nReceived string:  \u001b[31m\"Refresh token invÃ¡lido\"\u001b[39m\n    at Object.<anonymous> (C:\\Users\\sergu\\OneDrive\\Desktop\\MIS PROYECTOS PROFESIONALES\\landing essence\\react-tailwindcss\\server\\__tests__\\infrastructure\\controllers\\auth.controller.test.js:206:35)\n    at processTicksAndRejections (node:internal/process/task_queues:103:5)"],"fullName":"Auth routes v2 POST /api/v2/auth/refresh rechaza refresh invalido","invocations":1,"location":null,"numPassingAsserts":1,"retryReasons":[],"status":"failed","title":"POST /api/v2/auth/refresh rechaza refresh invalido"},{"ancestorTitles":["Auth routes v2"],"duration":12,"failureDetails":[],"failureMessages":[],"fullName":"Auth routes v2 POST /api/v2/auth/logout responde cierre de sesion","invocations":1,"location":null,"numPassingAsserts":2,"retryReasons":[],"status":"passed","title":"POST /api/v2/auth/logout responde cierre de sesion"}],"endTime":1776007108868,"message":"\u001b[1m\u001b[31m  \u001b[1m● \u001b[22m\u001b[1mAuth routes v2 › POST /api/v2/auth/refresh rechaza refresh invalido\u001b[39m\u001b[22m\n\n    \u001b[2mexpect(\u001b[22m\u001b[31mreceived\u001b[39m\u001b[2m).\u001b[22mtoMatch\u001b[2m(\u001b[22m\u001b[32mexpected\u001b[39m\u001b[2m)\u001b[22m\n\n    Expected pattern: \u001b[32m/inválido|invalido/i\u001b[39m\n    Received string:  \u001b[31m\"Refresh token invÃ¡lido\"\u001b[39m\n\u001b[2m\u001b[22m\n\u001b[2m    \u001b[0m \u001b[90m 204 |\u001b[39m\u001b[22m\n\u001b[2m     \u001b[90m 205 |\u001b[39m     expect(response\u001b[33m.\u001b[39mstatus)\u001b[33m.\u001b[39mtoBe(\u001b[35m401\u001b[39m)\u001b[33m;\u001b[39m\u001b[22m\n\u001b[2m    \u001b[31m\u001b[1m>\u001b[22m\u001b[2m\u001b[39m\u001b[90m 206 |\u001b[39m     expect(response\u001b[33m.\u001b[39mbody\u001b[33m.\u001b[39mmessage)\u001b[33m.\u001b[39mtoMatch(\u001b[35m/inválido|invalido/i\u001b[39m)\u001b[33m;\u001b[39m\u001b[22m\n\u001b[2m     \u001b[90m     |\u001b[39m                                   \u001b[31m\u001b[1m^\u001b[22m\u001b[2m\u001b[39m\u001b[22m\n\u001b[2m     \u001b[90m 207 |\u001b[39m   })\u001b[33m;\u001b[39m\u001b[22m\n\u001b[2m     \u001b[90m 208 |\u001b[39m\u001b[22m\n\u001b[2m     \u001b[90m 209 |\u001b[39m   it(\u001b[32m\"POST /api/v2/auth/logout responde cierre de sesion\"\u001b[39m\u001b[33m,\u001b[39m \u001b[36masync\u001b[39m () \u001b[33m=>\u001b[39m {\u001b[0m\u001b[22m\n\u001b[2m\u001b[22m\n\u001b[2m      \u001b[2mat Object.<anonymous> (\u001b[22m\u001b[2m\u001b[0m\u001b[36m__tests__/infrastructure/controllers/auth.controller.test.js\u001b[39m\u001b[0m\u001b[2m:206:35)\u001b[22m\u001b[2m\u001b[22m\n","name":"C:\\Users\\sergu\\OneDrive\\Desktop\\MIS PROYECTOS PROFESIONALES\\landing essence\\react-tailwindcss\\server\\__tests__\\infrastructure\\controllers\\auth.controller.test.js","startTime":1776007107301,"status":"failed","summary":""},{"assertionResults":[{"ancestorTitles":["Sale Model - Generación de saleId"],"duration":175,"failureDetails":[],"failureMessages":[],"fullName":"Sale Model - Generación de saleId Debe generar saleId automáticamente con formato SALE-YYYYMMDD-HHMMSS-XXXXXX","invocations":1,"location":null,"numPassingAsserts":3,"retryReasons":[],"status":"passed","title":"Debe generar saleId automáticamente con formato SALE-YYYYMMDD-HHMMSS-XXXXXX"},{"ancestorTitles":["Sale Model - Generación de saleId"],"duration":144,"failureDetails":[],"failureMessages":[],"fullName":"Sale Model - Generación de saleId Debe generar saleId únicos en ventas consecutivas","invocations":1,"location":null,"numPassingAsserts":3,"retryReasons":[],"status":"passed","title":"Debe generar saleId únicos en ventas consecutivas"},{"ancestorTitles":["Sale Model - Cálculo de ganancias"],"duration":56,"failureDetails":[],"failureMessages":[],"fullName":"Sale Model - Cálculo de ganancias Debe calcular correctamente ganancia de empleado normal (20%)","invocations":1,"location":null,"numPassingAsserts":1,"retryReasons":[],"status":"passed","title":"Debe calcular correctamente ganancia de empleado normal (20%)"},{"ancestorTitles":["Sale Model - Cálculo de ganancias"],"duration":56,"failureDetails":[],"failureMessages":[],"fullName":"Sale Model - Cálculo de ganancias Debe calcular correctamente ganancia de empleado 1er lugar (25%)","invocations":1,"location":null,"numPassingAsserts":1,"retryReasons":[],"status":"passed","title":"Debe calcular correctamente ganancia de empleado 1er lugar (25%)"},{"ancestorTitles":["Sale Model - Cálculo de ganancias"],"duration":48,"failureDetails":[],"failureMessages":[],"fullName":"Sale Model - Cálculo de ganancias Debe calcular correctamente ganancia de empleado 2do lugar (23%)","invocations":1,"location":null,"numPassingAsserts":1,"retryReasons":[],"status":"passed","title":"Debe calcular correctamente ganancia de empleado 2do lugar (23%)"},{"ancestorTitles":["Sale Model - Cálculo de ganancias"],"duration":45,"failureDetails":[],"failureMessages":[],"fullName":"Sale Model - Cálculo de ganancias Debe calcular correctamente ganancia de empleado 3er lugar (21%)","invocations":1,"location":null,"numPassingAsserts":1,"retryReasons":[],"status":"passed","title":"Debe calcular correctamente ganancia de empleado 3er lugar (21%)"},{"ancestorTitles":["Sale Model - Cálculo de ganancias"],"duration":41,"failureDetails":[],"failureMessages":[],"fullName":"Sale Model - Cálculo de ganancias Debe calcular correctamente ganancia admin con empleado normal (20%)","invocations":1,"location":null,"numPassingAsserts":1,"retryReasons":[],"status":"passed","title":"Debe calcular correctamente ganancia admin con empleado normal (20%)"},{"ancestorTitles":["Sale Model - Cálculo de ganancias"],"duration":41,"failureDetails":[],"failureMessages":[],"fullName":"Sale Model - Cálculo de ganancias Debe calcular correctamente ganancia admin con empleado 1er lugar (25%)","invocations":1,"location":null,"numPassingAsserts":1,"retryReasons":[],"status":"passed","title":"Debe calcular correctamente ganancia admin con empleado 1er lugar (25%)"},{"ancestorTitles":["Sale Model - Cálculo de ganancias"],"duration":44,"failureDetails":[],"failureMessages":[],"fullName":"Sale Model - Cálculo de ganancias Debe calcular correctamente ganancia total (empleado + admin)","invocations":1,"location":null,"numPassingAsserts":1,"retryReasons":[],"status":"passed","title":"Debe calcular correctamente ganancia total (empleado + admin)"},{"ancestorTitles":["Sale Model - Cálculo de ganancias"],"duration":46,"failureDetails":[],"failureMessages":[],"fullName":"Sale Model - Cálculo de ganancias Debe calcular correctamente venta directa de admin (sin empleado)","invocations":1,"location":null,"numPassingAsserts":3,"retryReasons":[],"status":"passed","title":"Debe calcular correctamente venta directa de admin (sin empleado)"},{"ancestorTitles":["Sale Model - Validaciones"],"duration":43,"failureDetails":[],"failureMessages":[],"fullName":"Sale Model - Validaciones Debe requerir campos obligatorios","invocations":1,"location":null,"numPassingAsserts":1,"retryReasons":[],"status":"passed","title":"Debe requerir campos obligatorios"},{"ancestorTitles":["Sale Model - Validaciones"],"duration":91,"failureDetails":[],"failureMessages":[],"fullName":"Sale Model - Validaciones Debe aceptar employeeProfitPercentage válidos (0, 20, 21, 23, 25)","invocations":1,"location":null,"numPassingAsserts":5,"retryReasons":[],"status":"passed","title":"Debe aceptar employeeProfitPercentage válidos (0, 20, 21, 23, 25)"},{"ancestorTitles":["Sale Model - Validaciones"],"duration":46,"failureDetails":[],"failureMessages":[],"fullName":"Sale Model - Validaciones Debe tener status de pago por defecto \"pendiente\"","invocations":1,"location":null,"numPassingAsserts":1,"retryReasons":[],"status":"passed","title":"Debe tener status de pago por defecto \"pendiente\""}],"endTime":1776007111601,"message":"","name":"C:\\Users\\sergu\\OneDrive\\Desktop\\MIS PROYECTOS PROFESIONALES\\landing essence\\react-tailwindcss\\server\\__tests__\\models\\Sale.test.js","startTime":1776007108885,"status":"passed","summary":""},{"assertionResults":[{"ancestorTitles":["Product Model - Validaciones"],"duration":141,"failureDetails":[],"failureMessages":[],"fullName":"Product Model - Validaciones Debe crear producto con campos válidos","invocations":1,"location":null,"numPassingAsserts":5,"retryReasons":[],"status":"passed","title":"Debe crear producto con campos válidos"},{"ancestorTitles":["Product Model - Validaciones"],"duration":53,"failureDetails":[],"failureMessages":[],"fullName":"Product Model - Validaciones Debe requerir campos obligatorios","invocations":1,"location":null,"numPassingAsserts":1,"retryReasons":[],"status":"passed","title":"Debe requerir campos obligatorios"},{"ancestorTitles":["Product Model - Validaciones"],"duration":40,"failureDetails":[],"failureMessages":[],"fullName":"Product Model - Validaciones Debe calcular suggestedPrice automáticamente (30% sobre purchasePrice)","invocations":1,"location":null,"numPassingAsserts":1,"retryReasons":[],"status":"passed","title":"Debe calcular suggestedPrice automáticamente (30% sobre purchasePrice)"},{"ancestorTitles":["Product Model - Validaciones"],"duration":33,"failureDetails":[],"failureMessages":[],"fullName":"Product Model - Validaciones totalStock no puede ser negativo","invocations":1,"location":null,"numPassingAsserts":1,"retryReasons":[],"status":"passed","title":"totalStock no puede ser negativo"},{"ancestorTitles":["Product Model - Defaults"],"duration":34,"failureDetails":[],"failureMessages":[],"fullName":"Product Model - Defaults Debe tener defaults esperados","invocations":1,"location":null,"numPassingAsserts":4,"retryReasons":[],"status":"passed","title":"Debe tener defaults esperados"},{"ancestorTitles":["Product Model - Defaults"],"duration":93,"failureDetails":[],"failureMessages":[],"fullName":"Product Model - Defaults Debe poder actualizar stock correctamente","invocations":1,"location":null,"numPassingAsserts":1,"retryReasons":[],"status":"passed","title":"Debe poder actualizar stock correctamente"},{"ancestorTitles":["Product Model - Precios"],"duration":29,"failureDetails":[],"failureMessages":[],"fullName":"Product Model - Precios Debe calcular márgenes de ganancia correctamente","invocations":1,"location":null,"numPassingAsserts":2,"retryReasons":[],"status":"passed","title":"Debe calcular márgenes de ganancia correctamente"},{"ancestorTitles":["Product Model - Precios"],"duration":33,"failureDetails":[],"failureMessages":[],"fullName":"Product Model - Precios Debe permitir actualizar precios manteniendo lógica de negocio","invocations":1,"location":null,"numPassingAsserts":3,"retryReasons":[],"status":"passed","title":"Debe permitir actualizar precios manteniendo lógica de negocio"}],"endTime":1776007113617,"message":"","name":"C:\\Users\\sergu\\OneDrive\\Desktop\\MIS PROYECTOS PROFESIONALES\\landing essence\\react-tailwindcss\\server\\__tests__\\models\\Product.test.js","startTime":1776007111722,"status":"passed","summary":""},{"assertionResults":[{"ancestorTitles":["User Model - Creación y Validaciones"],"duration":72,"failureDetails":[],"failureMessages":[],"fullName":"User Model - Creación y Validaciones Debe crear usuario con campos válidos","invocations":1,"location":null,"numPassingAsserts":4,"retryReasons":[],"status":"passed","title":"Debe crear usuario con campos válidos"},{"ancestorTitles":["User Model - Creación y Validaciones"],"duration":16,"failureDetails":[],"failureMessages":[],"fullName":"User Model - Creación y Validaciones Debe guardar contraseña tal cual si se crea directo en el modelo","invocations":1,"location":null,"numPassingAsserts":1,"retryReasons":[],"status":"passed","title":"Debe guardar contraseña tal cual si se crea directo en el modelo"},{"ancestorTitles":["User Model - Creación y Validaciones"],"duration":16,"failureDetails":[],"failureMessages":[],"fullName":"User Model - Creación y Validaciones Debe requerir campos obligatorios","invocations":1,"location":null,"numPassingAsserts":1,"retryReasons":[],"status":"passed","title":"Debe requerir campos obligatorios"},{"ancestorTitles":["User Model - Creación y Validaciones"],"duration":54,"failureDetails":[],"failureMessages":[],"fullName":"User Model - Creación y Validaciones Email debe ser único","invocations":1,"location":null,"numPassingAsserts":1,"retryReasons":[],"status":"passed","title":"Email debe ser único"},{"ancestorTitles":["User Model - Creación y Validaciones"],"duration":11,"failureDetails":[],"failureMessages":[],"fullName":"User Model - Creación y Validaciones Debe validar formato de email","invocations":1,"location":null,"numPassingAsserts":1,"retryReasons":[],"status":"passed","title":"Debe validar formato de email"},{"ancestorTitles":["User Model - Roles"],"duration":16,"failureDetails":[],"failureMessages":[],"fullName":"User Model - Roles Debe aceptar role \"admin\"","invocations":1,"location":null,"numPassingAsserts":1,"retryReasons":[],"status":"passed","title":"Debe aceptar role \"admin\""},{"ancestorTitles":["User Model - Roles"],"duration":13,"failureDetails":[],"failureMessages":[],"fullName":"User Model - Roles Debe aceptar role \"empleado\"","invocations":1,"location":null,"numPassingAsserts":1,"retryReasons":[],"status":"passed","title":"Debe aceptar role \"empleado\""},{"ancestorTitles":["User Model - Roles"],"duration":11,"failureDetails":[],"failureMessages":[],"fullName":"User Model - Roles Debe tener role por defecto \"empleado\"","invocations":1,"location":null,"numPassingAsserts":1,"retryReasons":[],"status":"passed","title":"Debe tener role por defecto \"empleado\""},{"ancestorTitles":["User Model - Roles"],"duration":9,"failureDetails":[],"failureMessages":[],"fullName":"User Model - Roles No debe aceptar roles inválidos","invocations":1,"location":null,"numPassingAsserts":1,"retryReasons":[],"status":"passed","title":"No debe aceptar roles inválidos"},{"ancestorTitles":["User Model - Información Adicional"],"duration":11,"failureDetails":[],"failureMessages":[],"fullName":"User Model - Información Adicional Debe guardar información de contacto opcional","invocations":1,"location":null,"numPassingAsserts":2,"retryReasons":[],"status":"passed","title":"Debe guardar información de contacto opcional"},{"ancestorTitles":["User Model - Información Adicional"],"duration":14,"failureDetails":[],"failureMessages":[],"fullName":"User Model - Información Adicional Debe manejar campos opcionales vacíos","invocations":1,"location":null,"numPassingAsserts":2,"retryReasons":[],"status":"passed","title":"Debe manejar campos opcionales vacíos"},{"ancestorTitles":["User Model - Información Adicional"],"duration":13,"failureDetails":[],"failureMessages":[],"fullName":"User Model - Información Adicional Debe tener isActive en true por defecto","invocations":1,"location":null,"numPassingAsserts":1,"retryReasons":[],"status":"passed","title":"Debe tener isActive en true por defecto"},{"ancestorTitles":["User Model - Información Adicional"],"duration":40,"failureDetails":[],"failureMessages":[],"fullName":"User Model - Información Adicional Debe poder desactivar usuario","invocations":1,"location":null,"numPassingAsserts":1,"retryReasons":[],"status":"passed","title":"Debe poder desactivar usuario"},{"ancestorTitles":["User Model - Timestamps"],"duration":16,"failureDetails":[],"failureMessages":[],"fullName":"User Model - Timestamps Debe agregar createdAt automáticamente","invocations":1,"location":null,"numPassingAsserts":2,"retryReasons":[],"status":"passed","title":"Debe agregar createdAt automáticamente"},{"ancestorTitles":["User Model - Timestamps"],"duration":11,"failureDetails":[],"failureMessages":[],"fullName":"User Model - Timestamps Debe agregar updatedAt automáticamente","invocations":1,"location":null,"numPassingAsserts":2,"retryReasons":[],"status":"passed","title":"Debe agregar updatedAt automáticamente"},{"ancestorTitles":["User Model - Timestamps"],"duration":126,"failureDetails":[],"failureMessages":[],"fullName":"User Model - Timestamps updatedAt debe cambiar al actualizar usuario","invocations":1,"location":null,"numPassingAsserts":1,"retryReasons":[],"status":"passed","title":"updatedAt debe cambiar al actualizar usuario"}],"endTime":1776007115334,"message":"","name":"C:\\Users\\sergu\\OneDrive\\Desktop\\MIS PROYECTOS PROFESIONALES\\landing essence\\react-tailwindcss\\server\\__tests__\\models\\User.test.js","startTime":1776007113627,"status":"passed","summary":""},{"assertionResults":[{"ancestorTitles":["RegisterSaleUseCase"],"duration":7,"failureDetails":[],"failureMessages":[],"fullName":"RegisterSaleUseCase rechaza cuando no se envian items","invocations":1,"location":null,"numPassingAsserts":1,"retryReasons":[],"status":"passed","title":"rechaza cuando no se envian items"},{"ancestorTitles":["RegisterSaleUseCase"],"duration":4,"failureDetails":[],"failureMessages":[],"fullName":"RegisterSaleUseCase prioriza comision fija del empleado sobre reglas variables","invocations":1,"location":null,"numPassingAsserts":4,"retryReasons":[],"status":"passed","title":"prioriza comision fija del empleado sobre reglas variables"}],"endTime":1776007115850,"message":"","name":"C:\\Users\\sergu\\OneDrive\\Desktop\\MIS PROYECTOS PROFESIONALES\\landing essence\\react-tailwindcss\\server\\__tests__\\application\\use-cases\\registerSale.use-case.test.js","startTime":1776007115344,"status":"passed","summary":""},{"assertionResults":[{"ancestorTitles":["Auth Middleware - Token Validation"],"duration":5,"failureDetails":[],"failureMessages":[],"fullName":"Auth Middleware - Token Validation Debe generar token JWT válido","invocations":1,"location":null,"numPassingAsserts":2,"retryReasons":[],"status":"passed","title":"Debe generar token JWT válido"},{"ancestorTitles":["Auth Middleware - Token Validation"],"duration":2,"failureDetails":[],"failureMessages":[],"fullName":"Auth Middleware - Token Validation Debe verificar token válido correctamente","invocations":1,"location":null,"numPassingAsserts":3,"retryReasons":[],"status":"passed","title":"Debe verificar token válido correctamente"},{"ancestorTitles":["Auth Middleware - Token Validation"],"duration":4,"failureDetails":[],"failureMessages":[],"fullName":"Auth Middleware - Token Validation Debe rechazar token inválido","invocations":1,"location":null,"numPassingAsserts":1,"retryReasons":[],"status":"passed","title":"Debe rechazar token inválido"},{"ancestorTitles":["Auth Middleware - Token Validation"],"duration":25,"failureDetails":[],"failureMessages":[],"fullName":"Auth Middleware - Token Validation Debe rechazar token expirado","invocations":1,"location":null,"numPassingAsserts":1,"retryReasons":[],"status":"passed","title":"Debe rechazar token expirado"},{"ancestorTitles":["Auth Middleware - Token Validation"],"duration":3,"failureDetails":[],"failureMessages":[],"fullName":"Auth Middleware - Token Validation Debe incluir información de usuario en token","invocations":1,"location":null,"numPassingAsserts":4,"retryReasons":[],"status":"passed","title":"Debe incluir información de usuario en token"},{"ancestorTitles":["Auth Middleware - Role Validation"],"duration":1,"failureDetails":[],"failureMessages":[],"fullName":"Auth Middleware - Role Validation Debe validar role de admin","invocations":1,"location":null,"numPassingAsserts":1,"retryReasons":[],"status":"passed","title":"Debe validar role de admin"},{"ancestorTitles":["Auth Middleware - Role Validation"],"duration":0,"failureDetails":[],"failureMessages":[],"fullName":"Auth Middleware - Role Validation Debe validar role de empleado","invocations":1,"location":null,"numPassingAsserts":1,"retryReasons":[],"status":"passed","title":"Debe validar role de empleado"},{"ancestorTitles":["Auth Middleware - Role Validation"],"duration":1,"failureDetails":[],"failureMessages":[],"fullName":"Auth Middleware - Role Validation Admin debe tener acceso a rutas de admin","invocations":1,"location":null,"numPassingAsserts":1,"retryReasons":[],"status":"passed","title":"Admin debe tener acceso a rutas de admin"},{"ancestorTitles":["Auth Middleware - Role Validation"],"duration":1,"failureDetails":[],"failureMessages":[],"fullName":"Auth Middleware - Role Validation Empleado no debe tener acceso a rutas de admin","invocations":1,"location":null,"numPassingAsserts":1,"retryReasons":[],"status":"passed","title":"Empleado no debe tener acceso a rutas de admin"},{"ancestorTitles":["Auth Middleware - Role Validation"],"duration":1,"failureDetails":[],"failureMessages":[],"fullName":"Auth Middleware - Role Validation Ambos roles deben tener acceso a rutas compartidas","invocations":1,"location":null,"numPassingAsserts":2,"retryReasons":[],"status":"passed","title":"Ambos roles deben tener acceso a rutas compartidas"},{"ancestorTitles":["Auth Middleware - Request Headers"],"duration":1,"failureDetails":[],"failureMessages":[],"fullName":"Auth Middleware - Request Headers Debe extraer token del header Authorization","invocations":1,"location":null,"numPassingAsserts":4,"retryReasons":[],"status":"passed","title":"Debe extraer token del header Authorization"},{"ancestorTitles":["Auth Middleware - Request Headers"],"duration":5,"failureDetails":[],"failureMessages":[],"fullName":"Auth Middleware - Request Headers Debe rechazar request sin header Authorization","invocations":1,"location":null,"numPassingAsserts":1,"retryReasons":[],"status":"passed","title":"Debe rechazar request sin header Authorization"},{"ancestorTitles":["Auth Middleware - Request Headers"],"duration":1,"failureDetails":[],"failureMessages":[],"fullName":"Auth Middleware - Request Headers Debe rechazar header Authorization sin Bearer","invocations":1,"location":null,"numPassingAsserts":1,"retryReasons":[],"status":"passed","title":"Debe rechazar header Authorization sin Bearer"},{"ancestorTitles":["Auth Middleware - Request Headers"],"duration":2,"failureDetails":[],"failureMessages":[],"fullName":"Auth Middleware - Request Headers Debe manejar diferentes formatos de header","invocations":1,"location":null,"numPassingAsserts":4,"retryReasons":[],"status":"passed","title":"Debe manejar diferentes formatos de header"},{"ancestorTitles":["Auth Middleware - Password Security"],"duration":2,"failureDetails":[],"failureMessages":[],"fullName":"Auth Middleware - Password Security Password debe tener longitud mínima","invocations":1,"location":null,"numPassingAsserts":3,"retryReasons":[],"status":"passed","title":"Password debe tener longitud mínima"},{"ancestorTitles":["Auth Middleware - Password Security"],"duration":2,"failureDetails":[],"failureMessages":[],"fullName":"Auth Middleware - Password Security Password debe rechazar longitudes cortas","invocations":1,"location":null,"numPassingAsserts":3,"retryReasons":[],"status":"passed","title":"Password debe rechazar longitudes cortas"},{"ancestorTitles":["Auth Middleware - Password Security"],"duration":1,"failureDetails":[],"failureMessages":[],"fullName":"Auth Middleware - Password Security Email debe tener formato válido","invocations":1,"location":null,"numPassingAsserts":3,"retryReasons":[],"status":"passed","title":"Email debe tener formato válido"},{"ancestorTitles":["Auth Middleware - Password Security"],"duration":1,"failureDetails":[],"failureMessages":[],"fullName":"Auth Middleware - Password Security Email debe rechazar formatos inválidos","invocations":1,"location":null,"numPassingAsserts":5,"retryReasons":[],"status":"passed","title":"Email debe rechazar formatos inválidos"}],"endTime":1776007116360,"message":"","name":"C:\\Users\\sergu\\OneDrive\\Desktop\\MIS PROYECTOS PROFESIONALES\\landing essence\\react-tailwindcss\\server\\__tests__\\middleware\\auth.middleware.test.js","startTime":1776007115864,"status":"passed","summary":""},{"assertionResults":[{"ancestorTitles":["Business Logic - Profit Calculations","Employee Profit Percentage"],"duration":3,"failureDetails":[],"failureMessages":[],"fullName":"Business Logic - Profit Calculations Employee Profit Percentage Empleado normal debe tener 20%","invocations":1,"location":null,"numPassingAsserts":1,"retryReasons":[],"status":"passed","title":"Empleado normal debe tener 20%"},{"ancestorTitles":["Business Logic - Profit Calculations","Employee Profit Percentage"],"duration":1,"failureDetails":[],"failureMessages":[],"fullName":"Business Logic - Profit Calculations Employee Profit Percentage Empleado 3er lugar debe tener 21%","invocations":1,"location":null,"numPassingAsserts":1,"retryReasons":[],"status":"passed","title":"Empleado 3er lugar debe tener 21%"},{"ancestorTitles":["Business Logic - Profit Calculations","Employee Profit Percentage"],"duration":1,"failureDetails":[],"failureMessages":[],"fullName":"Business Logic - Profit Calculations Employee Profit Percentage Empleado 2do lugar debe tener 23%","invocations":1,"location":null,"numPassingAsserts":1,"retryReasons":[],"status":"passed","title":"Empleado 2do lugar debe tener 23%"},{"ancestorTitles":["Business Logic - Profit Calculations","Employee Profit Percentage"],"duration":1,"failureDetails":[],"failureMessages":[],"fullName":"Business Logic - Profit Calculations Employee Profit Percentage Empleado 1er lugar debe tener 25%","invocations":1,"location":null,"numPassingAsserts":1,"retryReasons":[],"status":"passed","title":"Empleado 1er lugar debe tener 25%"},{"ancestorTitles":["Business Logic - Profit Calculations","Employee Profit Percentage"],"duration":1,"failureDetails":[],"failureMessages":[],"fullName":"Business Logic - Profit Calculations Employee Profit Percentage Admin debe tener 0%","invocations":1,"location":null,"numPassingAsserts":1,"retryReasons":[],"status":"passed","title":"Admin debe tener 0%"},{"ancestorTitles":["Business Logic - Profit Calculations","Profit Formulas - Normal (20%)"],"duration":2,"failureDetails":[],"failureMessages":[],"fullName":"Business Logic - Profit Calculations Profit Formulas - Normal (20%) Ganancia empleado = salePrice * 20% * quantity","invocations":1,"location":null,"numPassingAsserts":1,"retryReasons":[],"status":"passed","title":"Ganancia empleado = salePrice * 20% * quantity"},{"ancestorTitles":["Business Logic - Profit Calculations","Profit Formulas - Normal (20%)"],"duration":2,"failureDetails":[],"failureMessages":[],"fullName":"Business Logic - Profit Calculations Profit Formulas - Normal (20%) Pago empleado = salePrice * 80% * quantity","invocations":1,"location":null,"numPassingAsserts":1,"retryReasons":[],"status":"passed","title":"Pago empleado = salePrice * 80% * quantity"},{"ancestorTitles":["Business Logic - Profit Calculations","Profit Formulas - Normal (20%)"],"duration":2,"failureDetails":[],"failureMessages":[],"fullName":"Business Logic - Profit Calculations Profit Formulas - Normal (20%) Ganancia admin = (employeePayment - cost) * quantity","invocations":1,"location":null,"numPassingAsserts":1,"retryReasons":[],"status":"passed","title":"Ganancia admin = (employeePayment - cost) * quantity"},{"ancestorTitles":["Business Logic - Profit Calculations","Profit Formulas - Normal (20%)"],"duration":1,"failureDetails":[],"failureMessages":[],"fullName":"Business Logic - Profit Calculations Profit Formulas - Normal (20%) Ganancia total = employeeProfit + adminProfit","invocations":1,"location":null,"numPassingAsserts":1,"retryReasons":[],"status":"passed","title":"Ganancia total = employeeProfit + adminProfit"},{"ancestorTitles":["Business Logic - Profit Calculations","Profit Formulas - 1er Lugar (25%)"],"duration":2,"failureDetails":[],"failureMessages":[],"fullName":"Business Logic - Profit Calculations Profit Formulas - 1er Lugar (25%) Ganancia empleado = salePrice * 25% * quantity","invocations":1,"location":null,"numPassingAsserts":1,"retryReasons":[],"status":"passed","title":"Ganancia empleado = salePrice * 25% * quantity"},{"ancestorTitles":["Business Logic - Profit Calculations","Profit Formulas - 1er Lugar (25%)"],"duration":2,"failureDetails":[],"failureMessages":[],"fullName":"Business Logic - Profit Calculations Profit Formulas - 1er Lugar (25%) Pago empleado = salePrice * 75% * quantity","invocations":1,"location":null,"numPassingAsserts":1,"retryReasons":[],"status":"passed","title":"Pago empleado = salePrice * 75% * quantity"},{"ancestorTitles":["Business Logic - Profit Calculations","Profit Formulas - 1er Lugar (25%)"],"duration":1,"failureDetails":[],"failureMessages":[],"fullName":"Business Logic - Profit Calculations Profit Formulas - 1er Lugar (25%) Ganancia admin = (employeePayment - cost) * quantity","invocations":1,"location":null,"numPassingAsserts":1,"retryReasons":[],"status":"passed","title":"Ganancia admin = (employeePayment - cost) * quantity"},{"ancestorTitles":["Business Logic - Profit Calculations","Profit Formulas - 1er Lugar (25%)"],"duration":1,"failureDetails":[],"failureMessages":[],"fullName":"Business Logic - Profit Calculations Profit Formulas - 1er Lugar (25%) Ganancia total = employeeProfit + adminProfit","invocations":1,"location":null,"numPassingAsserts":1,"retryReasons":[],"status":"passed","title":"Ganancia total = employeeProfit + adminProfit"},{"ancestorTitles":["Business Logic - Profit Calculations","Profit Formulas - Admin Direct Sale"],"duration":2,"failureDetails":[],"failureMessages":[],"fullName":"Business Logic - Profit Calculations Profit Formulas - Admin Direct Sale Admin vende directamente - ganancia = (salePrice - cost) * quantity","invocations":1,"location":null,"numPassingAsserts":1,"retryReasons":[],"status":"passed","title":"Admin vende directamente - ganancia = (salePrice - cost) * quantity"},{"ancestorTitles":["Business Logic - Profit Calculations","Profit Formulas - Admin Direct Sale"],"duration":6,"failureDetails":[],"failureMessages":[],"fullName":"Business Logic - Profit Calculations Profit Formulas - Admin Direct Sale Admin vende directamente - employeeProfit = 0","invocations":1,"location":null,"numPassingAsserts":1,"retryReasons":[],"status":"passed","title":"Admin vende directamente - employeeProfit = 0"},{"ancestorTitles":["Business Logic - Profit Calculations","Profit Formulas - Admin Direct Sale"],"duration":1,"failureDetails":[],"failureMessages":[],"fullName":"Business Logic - Profit Calculations Profit Formulas - Admin Direct Sale Admin vende directamente - totalProfit = adminProfit","invocations":1,"location":null,"numPassingAsserts":1,"retryReasons":[],"status":"passed","title":"Admin vende directamente - totalProfit = adminProfit"},{"ancestorTitles":["Business Logic - Profit Calculations","Price Validations"],"duration":1,"failureDetails":[],"failureMessages":[],"fullName":"Business Logic - Profit Calculations Price Validations purchasePrice debe ser menor que employeePrice","invocations":1,"location":null,"numPassingAsserts":1,"retryReasons":[],"status":"passed","title":"purchasePrice debe ser menor que employeePrice"},{"ancestorTitles":["Business Logic - Profit Calculations","Price Validations"],"duration":1,"failureDetails":[],"failureMessages":[],"fullName":"Business Logic - Profit Calculations Price Validations employeePrice debe ser menor que salePrice","invocations":1,"location":null,"numPassingAsserts":1,"retryReasons":[],"status":"passed","title":"employeePrice debe ser menor que salePrice"},{"ancestorTitles":["Business Logic - Profit Calculations","Price Validations"],"duration":1,"failureDetails":[],"failureMessages":[],"fullName":"Business Logic - Profit Calculations Price Validations purchasePrice debe ser menor que salePrice","invocations":1,"location":null,"numPassingAsserts":1,"retryReasons":[],"status":"passed","title":"purchasePrice debe ser menor que salePrice"},{"ancestorTitles":["Business Logic - Profit Calculations","Price Validations"],"duration":1,"failureDetails":[],"failureMessages":[],"fullName":"Business Logic - Profit Calculations Price Validations Precios no pueden ser negativos","invocations":1,"location":null,"numPassingAsserts":3,"retryReasons":[],"status":"passed","title":"Precios no pueden ser negativos"},{"ancestorTitles":["Business Logic - Stock Management"],"duration":2,"failureDetails":[],"failureMessages":[],"fullName":"Business Logic - Stock Management Stock debe decrementar al hacer venta","invocations":1,"location":null,"numPassingAsserts":1,"retryReasons":[],"status":"passed","title":"Stock debe decrementar al hacer venta"},{"ancestorTitles":["Business Logic - Stock Management"],"duration":2,"failureDetails":[],"failureMessages":[],"fullName":"Business Logic - Stock Management Stock no puede ser negativo","invocations":1,"location":null,"numPassingAsserts":1,"retryReasons":[],"status":"passed","title":"Stock no puede ser negativo"},{"ancestorTitles":["Business Logic - Stock Management"],"duration":2,"failureDetails":[],"failureMessages":[],"fullName":"Business Logic - Stock Management Debe validar stock suficiente antes de venta","invocations":1,"location":null,"numPassingAsserts":1,"retryReasons":[],"status":"passed","title":"Debe validar stock suficiente antes de venta"},{"ancestorTitles":["Business Logic - Stock Management"],"duration":1,"failureDetails":[],"failureMessages":[],"fullName":"Business Logic - Stock Management Stock 0 significa producto no disponible","invocations":1,"location":null,"numPassingAsserts":1,"retryReasons":[],"status":"passed","title":"Stock 0 significa producto no disponible"},{"ancestorTitles":["Business Logic - Sale ID Format"],"duration":1,"failureDetails":[],"failureMessages":[],"fullName":"Business Logic - Sale ID Format saleId debe seguir formato VTA-YYYY-NNNN","invocations":1,"location":null,"numPassingAsserts":1,"retryReasons":[],"status":"passed","title":"saleId debe seguir formato VTA-YYYY-NNNN"},{"ancestorTitles":["Business Logic - Sale ID Format"],"duration":2,"failureDetails":[],"failureMessages":[],"fullName":"Business Logic - Sale ID Format saleId debe incluir año actual","invocations":1,"location":null,"numPassingAsserts":1,"retryReasons":[],"status":"passed","title":"saleId debe incluir año actual"},{"ancestorTitles":["Business Logic - Sale ID Format"],"duration":1,"failureDetails":[],"failureMessages":[],"fullName":"Business Logic - Sale ID Format saleId debe tener contador de 4 dígitos","invocations":1,"location":null,"numPassingAsserts":3,"retryReasons":[],"status":"passed","title":"saleId debe tener contador de 4 dígitos"},{"ancestorTitles":["Business Logic - Sale ID Format"],"duration":1,"failureDetails":[],"failureMessages":[],"fullName":"Business Logic - Sale ID Format saleId debe incrementar secuencialmente","invocations":1,"location":null,"numPassingAsserts":1,"retryReasons":[],"status":"passed","title":"saleId debe incrementar secuencialmente"},{"ancestorTitles":["Business Logic - Ranking System"],"duration":2,"failureDetails":[],"failureMessages":[],"fullName":"Business Logic - Ranking System Ranking debe basarse en ingresos totales","invocations":1,"location":null,"numPassingAsserts":3,"retryReasons":[],"status":"passed","title":"Ranking debe basarse en ingresos totales"},{"ancestorTitles":["Business Logic - Ranking System"],"duration":2,"failureDetails":[],"failureMessages":[],"fullName":"Business Logic - Ranking System Solo ventas confirmadas deben contar para ranking","invocations":1,"location":null,"numPassingAsserts":2,"retryReasons":[],"status":"passed","title":"Solo ventas confirmadas deben contar para ranking"},{"ancestorTitles":["Business Logic - Ranking System"],"duration":1,"failureDetails":[],"failureMessages":[],"fullName":"Business Logic - Ranking System Empate en ventas mantiene orden de primero en llegar","invocations":1,"location":null,"numPassingAsserts":1,"retryReasons":[],"status":"passed","title":"Empate en ventas mantiene orden de primero en llegar"},{"ancestorTitles":["Business Logic - Payment Status"],"duration":1,"failureDetails":[],"failureMessages":[],"fullName":"Business Logic - Payment Status Venta nueva debe tener status \"pendiente\"","invocations":1,"location":null,"numPassingAsserts":1,"retryReasons":[],"status":"passed","title":"Venta nueva debe tener status \"pendiente\""},{"ancestorTitles":["Business Logic - Payment Status"],"duration":2,"failureDetails":[],"failureMessages":[],"fullName":"Business Logic - Payment Status Venta confirmada debe tener status \"confirmado\"","invocations":1,"location":null,"numPassingAsserts":1,"retryReasons":[],"status":"passed","title":"Venta confirmada debe tener status \"confirmado\""},{"ancestorTitles":["Business Logic - Payment Status"],"duration":1,"failureDetails":[],"failureMessages":[],"fullName":"Business Logic - Payment Status Venta rechazada debe tener status \"rechazado\"","invocations":1,"location":null,"numPassingAsserts":1,"retryReasons":[],"status":"passed","title":"Venta rechazada debe tener status \"rechazado\""},{"ancestorTitles":["Business Logic - Payment Status"],"duration":2,"failureDetails":[],"failureMessages":[],"fullName":"Business Logic - Payment Status Solo estados válidos deben ser permitidos","invocations":1,"location":null,"numPassingAsserts":1,"retryReasons":[],"status":"passed","title":"Solo estados válidos deben ser permitidos"},{"ancestorTitles":["Business Logic - Payment Status"],"duration":2,"failureDetails":[],"failureMessages":[],"fullName":"Business Logic - Payment Status Estado inválido debe ser rechazado","invocations":1,"location":null,"numPassingAsserts":1,"retryReasons":[],"status":"passed","title":"Estado inválido debe ser rechazado"}],"endTime":1776007116813,"message":"","name":"C:\\Users\\sergu\\OneDrive\\Desktop\\MIS PROYECTOS PROFESIONALES\\landing essence\\react-tailwindcss\\server\\__tests__\\utils\\business-logic.test.js","startTime":1776007116372,"status":"passed","summary":""},{"assertionResults":[{"ancestorTitles":["RegisterSaleController"],"duration":5,"failureDetails":[],"failureMessages":[],"fullName":"RegisterSaleController registra venta estandar y responde 201","invocations":1,"location":null,"numPassingAsserts":4,"retryReasons":[],"status":"passed","title":"registra venta estandar y responde 201"},{"ancestorTitles":["RegisterSaleController"],"duration":3,"failureDetails":[],"failureMessages":[],"fullName":"RegisterSaleController registra venta de promocion usando su caso de uso","invocations":1,"location":null,"numPassingAsserts":4,"retryReasons":[],"status":"passed","title":"registra venta de promocion usando su caso de uso"},{"ancestorTitles":["RegisterSaleController"],"duration":3,"failureDetails":[],"failureMessages":[],"fullName":"RegisterSaleController envia errores al middleware next","invocations":1,"location":null,"numPassingAsserts":3,"retryReasons":[],"status":"passed","title":"envia errores al middleware next"}],"endTime":1776007117250,"message":"","name":"C:\\Users\\sergu\\OneDrive\\Desktop\\MIS PROYECTOS PROFESIONALES\\landing essence\\react-tailwindcss\\server\\__tests__\\infrastructure\\controllers\\registerSale.controller.test.js","startTime":1776007116823,"status":"passed","summary":""},{"assertionResults":[{"ancestorTitles":["requirePermission middleware"],"duration":5,"failureDetails":[],"failureMessages":[],"fullName":"requirePermission middleware permite a super_admin sin membership","invocations":1,"location":null,"numPassingAsserts":2,"retryReasons":[],"status":"passed","title":"permite a super_admin sin membership"},{"ancestorTitles":["requirePermission middleware"],"duration":5,"failureDetails":[],"failureMessages":[],"fullName":"requirePermission middleware bloquea create de products a empleado sin override","invocations":1,"location":null,"numPassingAsserts":3,"retryReasons":[],"status":"passed","title":"bloquea create de products a empleado sin override"},{"ancestorTitles":["requirePermission middleware"],"duration":11,"failureDetails":[],"failureMessages":[],"fullName":"requirePermission middleware permite create de products cuando hay override","invocations":1,"location":null,"numPassingAsserts":2,"retryReasons":[],"status":"passed","title":"permite create de products cuando hay override"},{"ancestorTitles":["requirePermission middleware"],"duration":9,"failureDetails":[],"failureMessages":[],"fullName":"requirePermission middleware respeta allowedBranches cuando se envía branch fuera de alcance","invocations":1,"location":null,"numPassingAsserts":4,"retryReasons":[],"status":"passed","title":"respeta allowedBranches cuando se envía branch fuera de alcance"}],"endTime":1776007117732,"message":"","name":"C:\\Users\\sergu\\OneDrive\\Desktop\\MIS PROYECTOS PROFESIONALES\\landing essence\\react-tailwindcss\\server\\__tests__\\middleware\\requirePermission.test.js","startTime":1776007117268,"status":"passed","summary":""},{"assertionResults":[{"ancestorTitles":["UpdateStockUseCase"],"duration":4,"failureDetails":[],"failureMessages":[],"fullName":"UpdateStockUseCase lanza error cuando el producto no existe","invocations":1,"location":null,"numPassingAsserts":1,"retryReasons":[],"status":"passed","title":"lanza error cuando el producto no existe"},{"ancestorTitles":["UpdateStockUseCase"],"duration":3,"failureDetails":[],"failureMessages":[],"fullName":"UpdateStockUseCase valida stock al descontar y persiste con el gateway","invocations":1,"location":null,"numPassingAsserts":4,"retryReasons":[],"status":"passed","title":"valida stock al descontar y persiste con el gateway"}],"endTime":1776007118332,"message":"","name":"C:\\Users\\sergu\\OneDrive\\Desktop\\MIS PROYECTOS PROFESIONALES\\landing essence\\react-tailwindcss\\server\\__tests__\\application\\use-cases\\updateStock.use-case.test.js","startTime":1776007117902,"status":"passed","summary":""},{"assertionResults":[{"ancestorTitles":["CreateProductUseCase"],"duration":6,"failureDetails":[],"failureMessages":[],"fullName":"CreateProductUseCase rechaza cuando falta el nombre del producto","invocations":1,"location":null,"numPassingAsserts":1,"retryReasons":[],"status":"passed","title":"rechaza cuando falta el nombre del producto"},{"ancestorTitles":["CreateProductUseCase"],"duration":2,"failureDetails":[],"failureMessages":[],"fullName":"CreateProductUseCase rechaza cuando el costo es negativo","invocations":1,"location":null,"numPassingAsserts":1,"retryReasons":[],"status":"passed","title":"rechaza cuando el costo es negativo"},{"ancestorTitles":["CreateProductUseCase"],"duration":2,"failureDetails":[],"failureMessages":[],"fullName":"CreateProductUseCase persiste el producto usando el gateway de persistencia","invocations":1,"location":null,"numPassingAsserts":2,"retryReasons":[],"status":"passed","title":"persiste el producto usando el gateway de persistencia"}],"endTime":1776007118835,"message":"","name":"C:\\Users\\sergu\\OneDrive\\Desktop\\MIS PROYECTOS PROFESIONALES\\landing essence\\react-tailwindcss\\server\\__tests__\\application\\use-cases\\createProduct.use-case.test.js","startTime":1776007118344,"status":"passed","summary":""}],"wasInterrupted":false}
