{"numFailedTestSuites":30,"numFailedTests":234,"numPassedTestSuites":7,"numPassedTests":194,"numPendingTestSuites":0,"numPendingTests":0,"numRuntimeErrorTestSuites":6,"numTodoTests":0,"numTotalTestSuites":37,"numTotalTests":428,"openHandles":[],"snapshot":{"added":0,"didUpdate":false,"failure":false,"filesAdded":0,"filesRemoved":0,"filesRemovedList":[],"filesUnmatched":0,"filesUpdated":0,"matched":0,"total":0,"unchecked":0,"uncheckedKeysByFile":[],"unmatched":0,"updated":0},"startTime":1775869973738,"success":false,"testResults":[{"assertionResults":[{"ancestorTitles":["Notification Controller","GET /api/notifications"],"duration":1231,"failureDetails":[{}],"failureMessages":["Error: expected 200 \"OK\", got 404 \"Not Found\"\n    at Object.<anonymous> (C:\\Users\\sergu\\OneDrive\\Desktop\\MIS PROYECTOS PROFESIONALES\\landing essence\\react-tailwindcss\\server\\__tests__\\controllers\\notification.controller.test.js:79:6)\n    at processTicksAndRejections (node:internal/process/task_queues:103:5)\n----\n    at Test._assertStatus (C:\\Users\\sergu\\OneDrive\\Desktop\\MIS PROYECTOS PROFESIONALES\\landing essence\\react-tailwindcss\\server\\node_modules\\supertest\\lib\\test.js:309:14)\n    at C:\\Users\\sergu\\OneDrive\\Desktop\\MIS PROYECTOS PROFESIONALES\\landing essence\\react-tailwindcss\\server\\node_modules\\supertest\\lib\\test.js:365:13\n    at Test._assertFunction (C:\\Users\\sergu\\OneDrive\\Desktop\\MIS PROYECTOS PROFESIONALES\\landing essence\\react-tailwindcss\\server\\node_modules\\supertest\\lib\\test.js:342:13)\n    at Test.assert (C:\\Users\\sergu\\OneDrive\\Desktop\\MIS PROYECTOS PROFESIONALES\\landing essence\\react-tailwindcss\\server\\node_modules\\supertest\\lib\\test.js:195:23)\n    at localAssert (C:\\Users\\sergu\\OneDrive\\Desktop\\MIS PROYECTOS PROFESIONALES\\landing essence\\react-tailwindcss\\server\\node_modules\\supertest\\lib\\test.js:138:14)\n    at Server.<anonymous> (C:\\Users\\sergu\\OneDrive\\Desktop\\MIS PROYECTOS PROFESIONALES\\landing essence\\react-tailwindcss\\server\\node_modules\\supertest\\lib\\test.js:152:11)\n    at Object.onceWrapper (node:events:633:28)\n    at Server.emit (node:events:519:28)\n    at emitCloseNT (node:net:2419:8)\n    at processTicksAndRejections (node:internal/process/task_queues:88:21)"],"fullName":"Notification Controller GET /api/notifications debe obtener notificaciones del usuario","invocations":1,"location":null,"numPassingAsserts":0,"retryReasons":[],"status":"failed","title":"debe obtener notificaciones del usuario"},{"ancestorTitles":["Notification Controller","GET /api/notifications"],"duration":216,"failureDetails":[{}],"failureMessages":["Error: expected 200 \"OK\", got 404 \"Not Found\"\n    at Object.<anonymous> (C:\\Users\\sergu\\OneDrive\\Desktop\\MIS PROYECTOS PROFESIONALES\\landing essence\\react-tailwindcss\\server\\__tests__\\controllers\\notification.controller.test.js:79:6)\n    at processTicksAndRejections (node:internal/process/task_queues:103:5)\n----\n    at Test._assertStatus (C:\\Users\\sergu\\OneDrive\\Desktop\\MIS PROYECTOS PROFESIONALES\\landing essence\\react-tailwindcss\\server\\node_modules\\supertest\\lib\\test.js:309:14)\n    at C:\\Users\\sergu\\OneDrive\\Desktop\\MIS PROYECTOS PROFESIONALES\\landing essence\\react-tailwindcss\\server\\node_modules\\supertest\\lib\\test.js:365:13\n    at Test._assertFunction (C:\\Users\\sergu\\OneDrive\\Desktop\\MIS PROYECTOS PROFESIONALES\\landing essence\\react-tailwindcss\\server\\node_modules\\supertest\\lib\\test.js:342:13)\n    at Test.assert (C:\\Users\\sergu\\OneDrive\\Desktop\\MIS PROYECTOS PROFESIONALES\\landing essence\\react-tailwindcss\\server\\node_modules\\supertest\\lib\\test.js:195:23)\n    at localAssert (C:\\Users\\sergu\\OneDrive\\Desktop\\MIS PROYECTOS PROFESIONALES\\landing essence\\react-tailwindcss\\server\\node_modules\\supertest\\lib\\test.js:138:14)\n    at Server.<anonymous> (C:\\Users\\sergu\\OneDrive\\Desktop\\MIS PROYECTOS PROFESIONALES\\landing essence\\react-tailwindcss\\server\\node_modules\\supertest\\lib\\test.js:152:11)\n    at Object.onceWrapper (node:events:633:28)\n    at Server.emit (node:events:519:28)\n    at emitCloseNT (node:net:2419:8)\n    at processTicksAndRejections (node:internal/process/task_queues:88:21)"],"fullName":"Notification Controller GET /api/notifications debe filtrar por no leídas","invocations":1,"location":null,"numPassingAsserts":0,"retryReasons":[],"status":"failed","title":"debe filtrar por no leídas"},{"ancestorTitles":["Notification Controller","GET /api/notifications/unread-count"],"duration":167,"failureDetails":[{}],"failureMessages":["Error: expected 200 \"OK\", got 404 \"Not Found\"\n    at Object.<anonymous> (C:\\Users\\sergu\\OneDrive\\Desktop\\MIS PROYECTOS PROFESIONALES\\landing essence\\react-tailwindcss\\server\\__tests__\\controllers\\notification.controller.test.js:79:6)\n    at processTicksAndRejections (node:internal/process/task_queues:103:5)\n----\n    at Test._assertStatus (C:\\Users\\sergu\\OneDrive\\Desktop\\MIS PROYECTOS PROFESIONALES\\landing essence\\react-tailwindcss\\server\\node_modules\\supertest\\lib\\test.js:309:14)\n    at C:\\Users\\sergu\\OneDrive\\Desktop\\MIS PROYECTOS PROFESIONALES\\landing essence\\react-tailwindcss\\server\\node_modules\\supertest\\lib\\test.js:365:13\n    at Test._assertFunction (C:\\Users\\sergu\\OneDrive\\Desktop\\MIS PROYECTOS PROFESIONALES\\landing essence\\react-tailwindcss\\server\\node_modules\\supertest\\lib\\test.js:342:13)\n    at Test.assert (C:\\Users\\sergu\\OneDrive\\Desktop\\MIS PROYECTOS PROFESIONALES\\landing essence\\react-tailwindcss\\server\\node_modules\\supertest\\lib\\test.js:195:23)\n    at localAssert (C:\\Users\\sergu\\OneDrive\\Desktop\\MIS PROYECTOS PROFESIONALES\\landing essence\\react-tailwindcss\\server\\node_modules\\supertest\\lib\\test.js:138:14)\n    at Server.<anonymous> (C:\\Users\\sergu\\OneDrive\\Desktop\\MIS PROYECTOS PROFESIONALES\\landing essence\\react-tailwindcss\\server\\node_modules\\supertest\\lib\\test.js:152:11)\n    at Object.onceWrapper (node:events:633:28)\n    at Server.emit (node:events:519:28)\n    at emitCloseNT (node:net:2419:8)\n    at processTicksAndRejections (node:internal/process/task_queues:88:21)"],"fullName":"Notification Controller GET /api/notifications/unread-count debe retornar el contador de no leídas","invocations":1,"location":null,"numPassingAsserts":0,"retryReasons":[],"status":"failed","title":"debe retornar el contador de no leídas"},{"ancestorTitles":["Notification Controller","PATCH /api/notifications/:id/read"],"duration":172,"failureDetails":[{}],"failureMessages":["Error: expected 200 \"OK\", got 404 \"Not Found\"\n    at Object.<anonymous> (C:\\Users\\sergu\\OneDrive\\Desktop\\MIS PROYECTOS PROFESIONALES\\landing essence\\react-tailwindcss\\server\\__tests__\\controllers\\notification.controller.test.js:79:6)\n    at processTicksAndRejections (node:internal/process/task_queues:103:5)\n----\n    at Test._assertStatus (C:\\Users\\sergu\\OneDrive\\Desktop\\MIS PROYECTOS PROFESIONALES\\landing essence\\react-tailwindcss\\server\\node_modules\\supertest\\lib\\test.js:309:14)\n    at C:\\Users\\sergu\\OneDrive\\Desktop\\MIS PROYECTOS PROFESIONALES\\landing essence\\react-tailwindcss\\server\\node_modules\\supertest\\lib\\test.js:365:13\n    at Test._assertFunction (C:\\Users\\sergu\\OneDrive\\Desktop\\MIS PROYECTOS PROFESIONALES\\landing essence\\react-tailwindcss\\server\\node_modules\\supertest\\lib\\test.js:342:13)\n    at Test.assert (C:\\Users\\sergu\\OneDrive\\Desktop\\MIS PROYECTOS PROFESIONALES\\landing essence\\react-tailwindcss\\server\\node_modules\\supertest\\lib\\test.js:195:23)\n    at localAssert (C:\\Users\\sergu\\OneDrive\\Desktop\\MIS PROYECTOS PROFESIONALES\\landing essence\\react-tailwindcss\\server\\node_modules\\supertest\\lib\\test.js:138:14)\n    at Server.<anonymous> (C:\\Users\\sergu\\OneDrive\\Desktop\\MIS PROYECTOS PROFESIONALES\\landing essence\\react-tailwindcss\\server\\node_modules\\supertest\\lib\\test.js:152:11)\n    at Object.onceWrapper (node:events:633:28)\n    at Server.emit (node:events:519:28)\n    at emitCloseNT (node:net:2419:8)\n    at processTicksAndRejections (node:internal/process/task_queues:88:21)"],"fullName":"Notification Controller PATCH /api/notifications/:id/read debe marcar como leída","invocations":1,"location":null,"numPassingAsserts":0,"retryReasons":[],"status":"failed","title":"debe marcar como leída"},{"ancestorTitles":["Notification Controller","POST /api/notifications/read-all"],"duration":169,"failureDetails":[{}],"failureMessages":["Error: expected 200 \"OK\", got 404 \"Not Found\"\n    at Object.<anonymous> (C:\\Users\\sergu\\OneDrive\\Desktop\\MIS PROYECTOS PROFESIONALES\\landing essence\\react-tailwindcss\\server\\__tests__\\controllers\\notification.controller.test.js:79:6)\n    at processTicksAndRejections (node:internal/process/task_queues:103:5)\n----\n    at Test._assertStatus (C:\\Users\\sergu\\OneDrive\\Desktop\\MIS PROYECTOS PROFESIONALES\\landing essence\\react-tailwindcss\\server\\node_modules\\supertest\\lib\\test.js:309:14)\n    at C:\\Users\\sergu\\OneDrive\\Desktop\\MIS PROYECTOS PROFESIONALES\\landing essence\\react-tailwindcss\\server\\node_modules\\supertest\\lib\\test.js:365:13\n    at Test._assertFunction (C:\\Users\\sergu\\OneDrive\\Desktop\\MIS PROYECTOS PROFESIONALES\\landing essence\\react-tailwindcss\\server\\node_modules\\supertest\\lib\\test.js:342:13)\n    at Test.assert (C:\\Users\\sergu\\OneDrive\\Desktop\\MIS PROYECTOS PROFESIONALES\\landing essence\\react-tailwindcss\\server\\node_modules\\supertest\\lib\\test.js:195:23)\n    at localAssert (C:\\Users\\sergu\\OneDrive\\Desktop\\MIS PROYECTOS PROFESIONALES\\landing essence\\react-tailwindcss\\server\\node_modules\\supertest\\lib\\test.js:138:14)\n    at Server.<anonymous> (C:\\Users\\sergu\\OneDrive\\Desktop\\MIS PROYECTOS PROFESIONALES\\landing essence\\react-tailwindcss\\server\\node_modules\\supertest\\lib\\test.js:152:11)\n    at Object.onceWrapper (node:events:633:28)\n    at Server.emit (node:events:519:28)\n    at emitCloseNT (node:net:2419:8)\n    at processTicksAndRejections (node:internal/process/task_queues:88:21)"],"fullName":"Notification Controller POST /api/notifications/read-all debe marcar todas como leídas","invocations":1,"location":null,"numPassingAsserts":0,"retryReasons":[],"status":"failed","title":"debe marcar todas como leídas"},{"ancestorTitles":["Notification Controller","POST /api/notifications (crear)"],"duration":164,"failureDetails":[{}],"failureMessages":["Error: expected 200 \"OK\", got 404 \"Not Found\"\n    at Object.<anonymous> (C:\\Users\\sergu\\OneDrive\\Desktop\\MIS PROYECTOS PROFESIONALES\\landing essence\\react-tailwindcss\\server\\__tests__\\controllers\\notification.controller.test.js:79:6)\n    at processTicksAndRejections (node:internal/process/task_queues:103:5)\n----\n    at Test._assertStatus (C:\\Users\\sergu\\OneDrive\\Desktop\\MIS PROYECTOS PROFESIONALES\\landing essence\\react-tailwindcss\\server\\node_modules\\supertest\\lib\\test.js:309:14)\n    at C:\\Users\\sergu\\OneDrive\\Desktop\\MIS PROYECTOS PROFESIONALES\\landing essence\\react-tailwindcss\\server\\node_modules\\supertest\\lib\\test.js:365:13\n    at Test._assertFunction (C:\\Users\\sergu\\OneDrive\\Desktop\\MIS PROYECTOS PROFESIONALES\\landing essence\\react-tailwindcss\\server\\node_modules\\supertest\\lib\\test.js:342:13)\n    at Test.assert (C:\\Users\\sergu\\OneDrive\\Desktop\\MIS PROYECTOS PROFESIONALES\\landing essence\\react-tailwindcss\\server\\node_modules\\supertest\\lib\\test.js:195:23)\n    at localAssert (C:\\Users\\sergu\\OneDrive\\Desktop\\MIS PROYECTOS PROFESIONALES\\landing essence\\react-tailwindcss\\server\\node_modules\\supertest\\lib\\test.js:138:14)\n    at Server.<anonymous> (C:\\Users\\sergu\\OneDrive\\Desktop\\MIS PROYECTOS PROFESIONALES\\landing essence\\react-tailwindcss\\server\\node_modules\\supertest\\lib\\test.js:152:11)\n    at Object.onceWrapper (node:events:633:28)\n    at Server.emit (node:events:519:28)\n    at emitCloseNT (node:net:2419:8)\n    at processTicksAndRejections (node:internal/process/task_queues:88:21)"],"fullName":"Notification Controller POST /api/notifications (crear) debe crear una notificación (admin)","invocations":1,"location":null,"numPassingAsserts":0,"retryReasons":[],"status":"failed","title":"debe crear una notificación (admin)"},{"ancestorTitles":["Notification Controller","DELETE /api/notifications/:id"],"duration":166,"failureDetails":[{}],"failureMessages":["Error: expected 200 \"OK\", got 404 \"Not Found\"\n    at Object.<anonymous> (C:\\Users\\sergu\\OneDrive\\Desktop\\MIS PROYECTOS PROFESIONALES\\landing essence\\react-tailwindcss\\server\\__tests__\\controllers\\notification.controller.test.js:79:6)\n    at processTicksAndRejections (node:internal/process/task_queues:103:5)\n----\n    at Test._assertStatus (C:\\Users\\sergu\\OneDrive\\Desktop\\MIS PROYECTOS PROFESIONALES\\landing essence\\react-tailwindcss\\server\\node_modules\\supertest\\lib\\test.js:309:14)\n    at C:\\Users\\sergu\\OneDrive\\Desktop\\MIS PROYECTOS PROFESIONALES\\landing essence\\react-tailwindcss\\server\\node_modules\\supertest\\lib\\test.js:365:13\n    at Test._assertFunction (C:\\Users\\sergu\\OneDrive\\Desktop\\MIS PROYECTOS PROFESIONALES\\landing essence\\react-tailwindcss\\server\\node_modules\\supertest\\lib\\test.js:342:13)\n    at Test.assert (C:\\Users\\sergu\\OneDrive\\Desktop\\MIS PROYECTOS PROFESIONALES\\landing essence\\react-tailwindcss\\server\\node_modules\\supertest\\lib\\test.js:195:23)\n    at localAssert (C:\\Users\\sergu\\OneDrive\\Desktop\\MIS PROYECTOS PROFESIONALES\\landing essence\\react-tailwindcss\\server\\node_modules\\supertest\\lib\\test.js:138:14)\n    at Server.<anonymous> (C:\\Users\\sergu\\OneDrive\\Desktop\\MIS PROYECTOS PROFESIONALES\\landing essence\\react-tailwindcss\\server\\node_modules\\supertest\\lib\\test.js:152:11)\n    at Object.onceWrapper (node:events:633:28)\n    at Server.emit (node:events:519:28)\n    at emitCloseNT (node:net:2419:8)\n    at processTicksAndRejections (node:internal/process/task_queues:88:21)"],"fullName":"Notification Controller DELETE /api/notifications/:id debe eliminar una notificación","invocations":1,"location":null,"numPassingAsserts":0,"retryReasons":[],"status":"failed","title":"debe eliminar una notificación"}],"endTime":1775869979530,"message":"\u001b[1m\u001b[31m  \u001b[1m● \u001b[22m\u001b[1mNotification Controller › GET /api/notifications › debe obtener notificaciones del usuario\u001b[39m\u001b[22m\n\n    expected 200 \"OK\", got 404 \"Not Found\"\n\u001b[2m\u001b[22m\n\u001b[2m    \u001b[0m \u001b[90m 77 |\u001b[39m     \u001b[33m.\u001b[39mpost(\u001b[32m\"/api/auth/login\"\u001b[39m)\u001b[22m\n\u001b[2m     \u001b[90m 78 |\u001b[39m     \u001b[33m.\u001b[39msend({ email\u001b[33m:\u001b[39m \u001b[32m\"admin.notifications@test.com\"\u001b[39m\u001b[33m,\u001b[39m password\u001b[33m:\u001b[39m \u001b[32m\"password123\"\u001b[39m })\u001b[22m\n\u001b[2m    \u001b[31m\u001b[1m>\u001b[22m\u001b[2m\u001b[39m\u001b[90m 79 |\u001b[39m     \u001b[33m.\u001b[39mexpect(\u001b[35m200\u001b[39m)\u001b[33m;\u001b[39m\u001b[22m\n\u001b[2m     \u001b[90m    |\u001b[39m      \u001b[31m\u001b[1m^\u001b[22m\u001b[2m\u001b[39m\u001b[22m\n\u001b[2m     \u001b[90m 80 |\u001b[39m   adminToken \u001b[33m=\u001b[39m login\u001b[33m.\u001b[39mbody\u001b[33m.\u001b[39mtoken\u001b[33m;\u001b[39m\u001b[22m\n\u001b[2m     \u001b[90m 81 |\u001b[39m })\u001b[33m;\u001b[39m\u001b[22m\n\u001b[2m     \u001b[90m 82 |\u001b[39m\u001b[0m\u001b[22m\n\u001b[2m\u001b[22m\n\u001b[2m      \u001b[2mat Object.<anonymous> (\u001b[22m\u001b[2m\u001b[0m\u001b[36m__tests__/controllers/notification.controller.test.js\u001b[39m\u001b[0m\u001b[2m:79:6)\u001b[22m\u001b[2m\u001b[22m\n\u001b[2m      ----\u001b[22m\n\u001b[2m      \u001b[2mat Test._assertStatus (\u001b[22m\u001b[2m\u001b[0m\u001b[36mnode_modules/supertest/lib/test.js\u001b[39m\u001b[0m\u001b[2m:309:14)\u001b[22m\u001b[2m\u001b[22m\n\u001b[2m      \u001b[2mat \u001b[22m\u001b[2m\u001b[0m\u001b[36mnode_modules/supertest/lib/test.js\u001b[39m\u001b[0m\u001b[2m:365:13\u001b[22m\u001b[2m\u001b[22m\n\u001b[2m      \u001b[2mat Test._assertFunction (\u001b[22m\u001b[2m\u001b[0m\u001b[36mnode_modules/supertest/lib/test.js\u001b[39m\u001b[0m\u001b[2m:342:13)\u001b[22m\u001b[2m\u001b[22m\n\u001b[2m      \u001b[2mat Test.assert (\u001b[22m\u001b[2m\u001b[0m\u001b[36mnode_modules/supertest/lib/test.js\u001b[39m\u001b[0m\u001b[2m:195:23)\u001b[22m\u001b[2m\u001b[22m\n\u001b[2m      \u001b[2mat localAssert (\u001b[22m\u001b[2m\u001b[0m\u001b[36mnode_modules/supertest/lib/test.js\u001b[39m\u001b[0m\u001b[2m:138:14)\u001b[22m\u001b[2m\u001b[22m\n\u001b[2m      \u001b[2mat Server.<anonymous> (\u001b[22m\u001b[2m\u001b[0m\u001b[36mnode_modules/supertest/lib/test.js\u001b[39m\u001b[0m\u001b[2m:152:11)\u001b[22m\u001b[2m\u001b[22m\n\n\u001b[1m\u001b[31m  \u001b[1m● \u001b[22m\u001b[1mNotification Controller › GET /api/notifications › debe filtrar por no leídas\u001b[39m\u001b[22m\n\n    expected 200 \"OK\", got 404 \"Not Found\"\n\u001b[2m\u001b[22m\n\u001b[2m    \u001b[0m \u001b[90m 77 |\u001b[39m     \u001b[33m.\u001b[39mpost(\u001b[32m\"/api/auth/login\"\u001b[39m)\u001b[22m\n\u001b[2m     \u001b[90m 78 |\u001b[39m     \u001b[33m.\u001b[39msend({ email\u001b[33m:\u001b[39m \u001b[32m\"admin.notifications@test.com\"\u001b[39m\u001b[33m,\u001b[39m password\u001b[33m:\u001b[39m \u001b[32m\"password123\"\u001b[39m })\u001b[22m\n\u001b[2m    \u001b[31m\u001b[1m>\u001b[22m\u001b[2m\u001b[39m\u001b[90m 79 |\u001b[39m     \u001b[33m.\u001b[39mexpect(\u001b[35m200\u001b[39m)\u001b[33m;\u001b[39m\u001b[22m\n\u001b[2m     \u001b[90m    |\u001b[39m      \u001b[31m\u001b[1m^\u001b[22m\u001b[2m\u001b[39m\u001b[22m\n\u001b[2m     \u001b[90m 80 |\u001b[39m   adminToken \u001b[33m=\u001b[39m login\u001b[33m.\u001b[39mbody\u001b[33m.\u001b[39mtoken\u001b[33m;\u001b[39m\u001b[22m\n\u001b[2m     \u001b[90m 81 |\u001b[39m })\u001b[33m;\u001b[39m\u001b[22m\n\u001b[2m     \u001b[90m 82 |\u001b[39m\u001b[0m\u001b[22m\n\u001b[2m\u001b[22m\n\u001b[2m      \u001b[2mat Object.<anonymous> (\u001b[22m\u001b[2m\u001b[0m\u001b[36m__tests__/controllers/notification.controller.test.js\u001b[39m\u001b[0m\u001b[2m:79:6)\u001b[22m\u001b[2m\u001b[22m\n\u001b[2m      ----\u001b[22m\n\u001b[2m      \u001b[2mat Test._assertStatus (\u001b[22m\u001b[2m\u001b[0m\u001b[36mnode_modules/supertest/lib/test.js\u001b[39m\u001b[0m\u001b[2m:309:14)\u001b[22m\u001b[2m\u001b[22m\n\u001b[2m      \u001b[2mat \u001b[22m\u001b[2m\u001b[0m\u001b[36mnode_modules/supertest/lib/test.js\u001b[39m\u001b[0m\u001b[2m:365:13\u001b[22m\u001b[2m\u001b[22m\n\u001b[2m      \u001b[2mat Test._assertFunction (\u001b[22m\u001b[2m\u001b[0m\u001b[36mnode_modules/supertest/lib/test.js\u001b[39m\u001b[0m\u001b[2m:342:13)\u001b[22m\u001b[2m\u001b[22m\n\u001b[2m      \u001b[2mat Test.assert (\u001b[22m\u001b[2m\u001b[0m\u001b[36mnode_modules/supertest/lib/test.js\u001b[39m\u001b[0m\u001b[2m:195:23)\u001b[22m\u001b[2m\u001b[22m\n\u001b[2m      \u001b[2mat localAssert (\u001b[22m\u001b[2m\u001b[0m\u001b[36mnode_modules/supertest/lib/test.js\u001b[39m\u001b[0m\u001b[2m:138:14)\u001b[22m\u001b[2m\u001b[22m\n\u001b[2m      \u001b[2mat Server.<anonymous> (\u001b[22m\u001b[2m\u001b[0m\u001b[36mnode_modules/supertest/lib/test.js\u001b[39m\u001b[0m\u001b[2m:152:11)\u001b[22m\u001b[2m\u001b[22m\n\n\u001b[1m\u001b[31m  \u001b[1m● \u001b[22m\u001b[1mNotification Controller › GET /api/notifications/unread-count › debe retornar el contador de no leídas\u001b[39m\u001b[22m\n\n    expected 200 \"OK\", got 404 \"Not Found\"\n\u001b[2m\u001b[22m\n\u001b[2m    \u001b[0m \u001b[90m 77 |\u001b[39m     \u001b[33m.\u001b[39mpost(\u001b[32m\"/api/auth/login\"\u001b[39m)\u001b[22m\n\u001b[2m     \u001b[90m 78 |\u001b[39m     \u001b[33m.\u001b[39msend({ email\u001b[33m:\u001b[39m \u001b[32m\"admin.notifications@test.com\"\u001b[39m\u001b[33m,\u001b[39m password\u001b[33m:\u001b[39m \u001b[32m\"password123\"\u001b[39m })\u001b[22m\n\u001b[2m    \u001b[31m\u001b[1m>\u001b[22m\u001b[2m\u001b[39m\u001b[90m 79 |\u001b[39m     \u001b[33m.\u001b[39mexpect(\u001b[35m200\u001b[39m)\u001b[33m;\u001b[39m\u001b[22m\n\u001b[2m     \u001b[90m    |\u001b[39m      \u001b[31m\u001b[1m^\u001b[22m\u001b[2m\u001b[39m\u001b[22m\n\u001b[2m     \u001b[90m 80 |\u001b[39m   adminToken \u001b[33m=\u001b[39m login\u001b[33m.\u001b[39mbody\u001b[33m.\u001b[39mtoken\u001b[33m;\u001b[39m\u001b[22m\n\u001b[2m     \u001b[90m 81 |\u001b[39m })\u001b[33m;\u001b[39m\u001b[22m\n\u001b[2m     \u001b[90m 82 |\u001b[39m\u001b[0m\u001b[22m\n\u001b[2m\u001b[22m\n\u001b[2m      \u001b[2mat Object.<anonymous> (\u001b[22m\u001b[2m\u001b[0m\u001b[36m__tests__/controllers/notification.controller.test.js\u001b[39m\u001b[0m\u001b[2m:79:6)\u001b[22m\u001b[2m\u001b[22m\n\u001b[2m      ----\u001b[22m\n\u001b[2m      \u001b[2mat Test._assertStatus (\u001b[22m\u001b[2m\u001b[0m\u001b[36mnode_modules/supertest/lib/test.js\u001b[39m\u001b[0m\u001b[2m:309:14)\u001b[22m\u001b[2m\u001b[22m\n\u001b[2m      \u001b[2mat \u001b[22m\u001b[2m\u001b[0m\u001b[36mnode_modules/supertest/lib/test.js\u001b[39m\u001b[0m\u001b[2m:365:13\u001b[22m\u001b[2m\u001b[22m\n\u001b[2m      \u001b[2mat Test._assertFunction (\u001b[22m\u001b[2m\u001b[0m\u001b[36mnode_modules/supertest/lib/test.js\u001b[39m\u001b[0m\u001b[2m:342:13)\u001b[22m\u001b[2m\u001b[22m\n\u001b[2m      \u001b[2mat Test.assert (\u001b[22m\u001b[2m\u001b[0m\u001b[36mnode_modules/supertest/lib/test.js\u001b[39m\u001b[0m\u001b[2m:195:23)\u001b[22m\u001b[2m\u001b[22m\n\u001b[2m      \u001b[2mat localAssert (\u001b[22m\u001b[2m\u001b[0m\u001b[36mnode_modules/supertest/lib/test.js\u001b[39m\u001b[0m\u001b[2m:138:14)\u001b[22m\u001b[2m\u001b[22m\n\u001b[2m      \u001b[2mat Server.<anonymous> (\u001b[22m\u001b[2m\u001b[0m\u001b[36mnode_modules/supertest/lib/test.js\u001b[39m\u001b[0m\u001b[2m:152:11)\u001b[22m\u001b[2m\u001b[22m\n\n\u001b[1m\u001b[31m  \u001b[1m● \u001b[22m\u001b[1mNotification Controller › PATCH /api/notifications/:id/read › debe marcar como leída\u001b[39m\u001b[22m\n\n    expected 200 \"OK\", got 404 \"Not Found\"\n\u001b[2m\u001b[22m\n\u001b[2m    \u001b[0m \u001b[90m 77 |\u001b[39m     \u001b[33m.\u001b[39mpost(\u001b[32m\"/api/auth/login\"\u001b[39m)\u001b[22m\n\u001b[2m     \u001b[90m 78 |\u001b[39m     \u001b[33m.\u001b[39msend({ email\u001b[33m:\u001b[39m \u001b[32m\"admin.notifications@test.com\"\u001b[39m\u001b[33m,\u001b[39m password\u001b[33m:\u001b[39m \u001b[32m\"password123\"\u001b[39m })\u001b[22m\n\u001b[2m    \u001b[31m\u001b[1m>\u001b[22m\u001b[2m\u001b[39m\u001b[90m 79 |\u001b[39m     \u001b[33m.\u001b[39mexpect(\u001b[35m200\u001b[39m)\u001b[33m;\u001b[39m\u001b[22m\n\u001b[2m     \u001b[90m    |\u001b[39m      \u001b[31m\u001b[1m^\u001b[22m\u001b[2m\u001b[39m\u001b[22m\n\u001b[2m     \u001b[90m 80 |\u001b[39m   adminToken \u001b[33m=\u001b[39m login\u001b[33m.\u001b[39mbody\u001b[33m.\u001b[39mtoken\u001b[33m;\u001b[39m\u001b[22m\n\u001b[2m     \u001b[90m 81 |\u001b[39m })\u001b[33m;\u001b[39m\u001b[22m\n\u001b[2m     \u001b[90m 82 |\u001b[39m\u001b[0m\u001b[22m\n\u001b[2m\u001b[22m\n\u001b[2m      \u001b[2mat Object.<anonymous> (\u001b[22m\u001b[2m\u001b[0m\u001b[36m__tests__/controllers/notification.controller.test.js\u001b[39m\u001b[0m\u001b[2m:79:6)\u001b[22m\u001b[2m\u001b[22m\n\u001b[2m      ----\u001b[22m\n\u001b[2m      \u001b[2mat Test._assertStatus (\u001b[22m\u001b[2m\u001b[0m\u001b[36mnode_modules/supertest/lib/test.js\u001b[39m\u001b[0m\u001b[2m:309:14)\u001b[22m\u001b[2m\u001b[22m\n\u001b[2m      \u001b[2mat \u001b[22m\u001b[2m\u001b[0m\u001b[36mnode_modules/supertest/lib/test.js\u001b[39m\u001b[0m\u001b[2m:365:13\u001b[22m\u001b[2m\u001b[22m\n\u001b[2m      \u001b[2mat Test._assertFunction (\u001b[22m\u001b[2m\u001b[0m\u001b[36mnode_modules/supertest/lib/test.js\u001b[39m\u001b[0m\u001b[2m:342:13)\u001b[22m\u001b[2m\u001b[22m\n\u001b[2m      \u001b[2mat Test.assert (\u001b[22m\u001b[2m\u001b[0m\u001b[36mnode_modules/supertest/lib/test.js\u001b[39m\u001b[0m\u001b[2m:195:23)\u001b[22m\u001b[2m\u001b[22m\n\u001b[2m      \u001b[2mat localAssert (\u001b[22m\u001b[2m\u001b[0m\u001b[36mnode_modules/supertest/lib/test.js\u001b[39m\u001b[0m\u001b[2m:138:14)\u001b[22m\u001b[2m\u001b[22m\n\u001b[2m      \u001b[2mat Server.<anonymous> (\u001b[22m\u001b[2m\u001b[0m\u001b[36mnode_modules/supertest/lib/test.js\u001b[39m\u001b[0m\u001b[2m:152:11)\u001b[22m\u001b[2m\u001b[22m\n\n\u001b[1m\u001b[31m  \u001b[1m● \u001b[22m\u001b[1mNotification Controller › POST /api/notifications/read-all › debe marcar todas como leídas\u001b[39m\u001b[22m\n\n    expected 200 \"OK\", got 404 \"Not Found\"\n\u001b[2m\u001b[22m\n\u001b[2m    \u001b[0m \u001b[90m 77 |\u001b[39m     \u001b[33m.\u001b[39mpost(\u001b[32m\"/api/auth/login\"\u001b[39m)\u001b[22m\n\u001b[2m     \u001b[90m 78 |\u001b[39m     \u001b[33m.\u001b[39msend({ email\u001b[33m:\u001b[39m \u001b[32m\"admin.notifications@test.com\"\u001b[39m\u001b[33m,\u001b[39m password\u001b[33m:\u001b[39m \u001b[32m\"password123\"\u001b[39m })\u001b[22m\n\u001b[2m    \u001b[31m\u001b[1m>\u001b[22m\u001b[2m\u001b[39m\u001b[90m 79 |\u001b[39m     \u001b[33m.\u001b[39mexpect(\u001b[35m200\u001b[39m)\u001b[33m;\u001b[39m\u001b[22m\n\u001b[2m     \u001b[90m    |\u001b[39m      \u001b[31m\u001b[1m^\u001b[22m\u001b[2m\u001b[39m\u001b[22m\n\u001b[2m     \u001b[90m 80 |\u001b[39m   adminToken \u001b[33m=\u001b[39m login\u001b[33m.\u001b[39mbody\u001b[33m.\u001b[39mtoken\u001b[33m;\u001b[39m\u001b[22m\n\u001b[2m     \u001b[90m 81 |\u001b[39m })\u001b[33m;\u001b[39m\u001b[22m\n\u001b[2m     \u001b[90m 82 |\u001b[39m\u001b[0m\u001b[22m\n\u001b[2m\u001b[22m\n\u001b[2m      \u001b[2mat Object.<anonymous> (\u001b[22m\u001b[2m\u001b[0m\u001b[36m__tests__/controllers/notification.controller.test.js\u001b[39m\u001b[0m\u001b[2m:79:6)\u001b[22m\u001b[2m\u001b[22m\n\u001b[2m      ----\u001b[22m\n\u001b[2m      \u001b[2mat Test._assertStatus (\u001b[22m\u001b[2m\u001b[0m\u001b[36mnode_modules/supertest/lib/test.js\u001b[39m\u001b[0m\u001b[2m:309:14)\u001b[22m\u001b[2m\u001b[22m\n\u001b[2m      \u001b[2mat \u001b[22m\u001b[2m\u001b[0m\u001b[36mnode_modules/supertest/lib/test.js\u001b[39m\u001b[0m\u001b[2m:365:13\u001b[22m\u001b[2m\u001b[22m\n\u001b[2m      \u001b[2mat Test._assertFunction (\u001b[22m\u001b[2m\u001b[0m\u001b[36mnode_modules/supertest/lib/test.js\u001b[39m\u001b[0m\u001b[2m:342:13)\u001b[22m\u001b[2m\u001b[22m\n\u001b[2m      \u001b[2mat Test.assert (\u001b[22m\u001b[2m\u001b[0m\u001b[36mnode_modules/supertest/lib/test.js\u001b[39m\u001b[0m\u001b[2m:195:23)\u001b[22m\u001b[2m\u001b[22m\n\u001b[2m      \u001b[2mat localAssert (\u001b[22m\u001b[2m\u001b[0m\u001b[36mnode_modules/supertest/lib/test.js\u001b[39m\u001b[0m\u001b[2m:138:14)\u001b[22m\u001b[2m\u001b[22m\n\u001b[2m      \u001b[2mat Server.<anonymous> (\u001b[22m\u001b[2m\u001b[0m\u001b[36mnode_modules/supertest/lib/test.js\u001b[39m\u001b[0m\u001b[2m:152:11)\u001b[22m\u001b[2m\u001b[22m\n\n\u001b[1m\u001b[31m  \u001b[1m● \u001b[22m\u001b[1mNotification Controller › POST /api/notifications (crear) › debe crear una notificación (admin)\u001b[39m\u001b[22m\n\n    expected 200 \"OK\", got 404 \"Not Found\"\n\u001b[2m\u001b[22m\n\u001b[2m    \u001b[0m \u001b[90m 77 |\u001b[39m     \u001b[33m.\u001b[39mpost(\u001b[32m\"/api/auth/login\"\u001b[39m)\u001b[22m\n\u001b[2m     \u001b[90m 78 |\u001b[39m     \u001b[33m.\u001b[39msend({ email\u001b[33m:\u001b[39m \u001b[32m\"admin.notifications@test.com\"\u001b[39m\u001b[33m,\u001b[39m password\u001b[33m:\u001b[39m \u001b[32m\"password123\"\u001b[39m })\u001b[22m\n\u001b[2m    \u001b[31m\u001b[1m>\u001b[22m\u001b[2m\u001b[39m\u001b[90m 79 |\u001b[39m     \u001b[33m.\u001b[39mexpect(\u001b[35m200\u001b[39m)\u001b[33m;\u001b[39m\u001b[22m\n\u001b[2m     \u001b[90m    |\u001b[39m      \u001b[31m\u001b[1m^\u001b[22m\u001b[2m\u001b[39m\u001b[22m\n\u001b[2m     \u001b[90m 80 |\u001b[39m   adminToken \u001b[33m=\u001b[39m login\u001b[33m.\u001b[39mbody\u001b[33m.\u001b[39mtoken\u001b[33m;\u001b[39m\u001b[22m\n\u001b[2m     \u001b[90m 81 |\u001b[39m })\u001b[33m;\u001b[39m\u001b[22m\n\u001b[2m     \u001b[90m 82 |\u001b[39m\u001b[0m\u001b[22m\n\u001b[2m\u001b[22m\n\u001b[2m      \u001b[2mat Object.<anonymous> (\u001b[22m\u001b[2m\u001b[0m\u001b[36m__tests__/controllers/notification.controller.test.js\u001b[39m\u001b[0m\u001b[2m:79:6)\u001b[22m\u001b[2m\u001b[22m\n\u001b[2m      ----\u001b[22m\n\u001b[2m      \u001b[2mat Test._assertStatus (\u001b[22m\u001b[2m\u001b[0m\u001b[36mnode_modules/supertest/lib/test.js\u001b[39m\u001b[0m\u001b[2m:309:14)\u001b[22m\u001b[2m\u001b[22m\n\u001b[2m      \u001b[2mat \u001b[22m\u001b[2m\u001b[0m\u001b[36mnode_modules/supertest/lib/test.js\u001b[39m\u001b[0m\u001b[2m:365:13\u001b[22m\u001b[2m\u001b[22m\n\u001b[2m      \u001b[2mat Test._assertFunction (\u001b[22m\u001b[2m\u001b[0m\u001b[36mnode_modules/supertest/lib/test.js\u001b[39m\u001b[0m\u001b[2m:342:13)\u001b[22m\u001b[2m\u001b[22m\n\u001b[2m      \u001b[2mat Test.assert (\u001b[22m\u001b[2m\u001b[0m\u001b[36mnode_modules/supertest/lib/test.js\u001b[39m\u001b[0m\u001b[2m:195:23)\u001b[22m\u001b[2m\u001b[22m\n\u001b[2m      \u001b[2mat localAssert (\u001b[22m\u001b[2m\u001b[0m\u001b[36mnode_modules/supertest/lib/test.js\u001b[39m\u001b[0m\u001b[2m:138:14)\u001b[22m\u001b[2m\u001b[22m\n\u001b[2m      \u001b[2mat Server.<anonymous> (\u001b[22m\u001b[2m\u001b[0m\u001b[36mnode_modules/supertest/lib/test.js\u001b[39m\u001b[0m\u001b[2m:152:11)\u001b[22m\u001b[2m\u001b[22m\n\n\u001b[1m\u001b[31m  \u001b[1m● \u001b[22m\u001b[1mNotification Controller › DELETE /api/notifications/:id › debe eliminar una notificación\u001b[39m\u001b[22m\n\n    expected 200 \"OK\", got 404 \"Not Found\"\n\u001b[2m\u001b[22m\n\u001b[2m    \u001b[0m \u001b[90m 77 |\u001b[39m     \u001b[33m.\u001b[39mpost(\u001b[32m\"/api/auth/login\"\u001b[39m)\u001b[22m\n\u001b[2m     \u001b[90m 78 |\u001b[39m     \u001b[33m.\u001b[39msend({ email\u001b[33m:\u001b[39m \u001b[32m\"admin.notifications@test.com\"\u001b[39m\u001b[33m,\u001b[39m password\u001b[33m:\u001b[39m \u001b[32m\"password123\"\u001b[39m })\u001b[22m\n\u001b[2m    \u001b[31m\u001b[1m>\u001b[22m\u001b[2m\u001b[39m\u001b[90m 79 |\u001b[39m     \u001b[33m.\u001b[39mexpect(\u001b[35m200\u001b[39m)\u001b[33m;\u001b[39m\u001b[22m\n\u001b[2m     \u001b[90m    |\u001b[39m      \u001b[31m\u001b[1m^\u001b[22m\u001b[2m\u001b[39m\u001b[22m\n\u001b[2m     \u001b[90m 80 |\u001b[39m   adminToken \u001b[33m=\u001b[39m login\u001b[33m.\u001b[39mbody\u001b[33m.\u001b[39mtoken\u001b[33m;\u001b[39m\u001b[22m\n\u001b[2m     \u001b[90m 81 |\u001b[39m })\u001b[33m;\u001b[39m\u001b[22m\n\u001b[2m     \u001b[90m 82 |\u001b[39m\u001b[0m\u001b[22m\n\u001b[2m\u001b[22m\n\u001b[2m      \u001b[2mat Object.<anonymous> (\u001b[22m\u001b[2m\u001b[0m\u001b[36m__tests__/controllers/notification.controller.test.js\u001b[39m\u001b[0m\u001b[2m:79:6)\u001b[22m\u001b[2m\u001b[22m\n\u001b[2m      ----\u001b[22m\n\u001b[2m      \u001b[2mat Test._assertStatus (\u001b[22m\u001b[2m\u001b[0m\u001b[36mnode_modules/supertest/lib/test.js\u001b[39m\u001b[0m\u001b[2m:309:14)\u001b[22m\u001b[2m\u001b[22m\n\u001b[2m      \u001b[2mat \u001b[22m\u001b[2m\u001b[0m\u001b[36mnode_modules/supertest/lib/test.js\u001b[39m\u001b[0m\u001b[2m:365:13\u001b[22m\u001b[2m\u001b[22m\n\u001b[2m      \u001b[2mat Test._assertFunction (\u001b[22m\u001b[2m\u001b[0m\u001b[36mnode_modules/supertest/lib/test.js\u001b[39m\u001b[0m\u001b[2m:342:13)\u001b[22m\u001b[2m\u001b[22m\n\u001b[2m      \u001b[2mat Test.assert (\u001b[22m\u001b[2m\u001b[0m\u001b[36mnode_modules/supertest/lib/test.js\u001b[39m\u001b[0m\u001b[2m:195:23)\u001b[22m\u001b[2m\u001b[22m\n\u001b[2m      \u001b[2mat localAssert (\u001b[22m\u001b[2m\u001b[0m\u001b[36mnode_modules/supertest/lib/test.js\u001b[39m\u001b[0m\u001b[2m:138:14)\u001b[22m\u001b[2m\u001b[22m\n\u001b[2m      \u001b[2mat Server.<anonymous> (\u001b[22m\u001b[2m\u001b[0m\u001b[36mnode_modules/supertest/lib/test.js\u001b[39m\u001b[0m\u001b[2m:152:11)\u001b[22m\u001b[2m\u001b[22m\n","name":"C:\\Users\\sergu\\OneDrive\\Desktop\\MIS PROYECTOS PROFESIONALES\\landing essence\\react-tailwindcss\\server\\__tests__\\controllers\\notification.controller.test.js","startTime":1775869973814,"status":"failed","summary":""},{"assertionResults":[{"ancestorTitles":["Customer Points Controller","GET /api/customers/:customerId/points"],"duration":994,"failureDetails":[{}],"failureMessages":["Error: expected 200 \"OK\", got 404 \"Not Found\"\n    at Object.<anonymous> (C:\\Users\\sergu\\OneDrive\\Desktop\\MIS PROYECTOS PROFESIONALES\\landing essence\\react-tailwindcss\\server\\__tests__\\controllers\\customerPoints.controller.test.js:90:8)\n    at processTicksAndRejections (node:internal/process/task_queues:103:5)\n----\n    at Test._assertStatus (C:\\Users\\sergu\\OneDrive\\Desktop\\MIS PROYECTOS PROFESIONALES\\landing essence\\react-tailwindcss\\server\\node_modules\\supertest\\lib\\test.js:309:14)\n    at C:\\Users\\sergu\\OneDrive\\Desktop\\MIS PROYECTOS PROFESIONALES\\landing essence\\react-tailwindcss\\server\\node_modules\\supertest\\lib\\test.js:365:13\n    at Test._assertFunction (C:\\Users\\sergu\\OneDrive\\Desktop\\MIS PROYECTOS PROFESIONALES\\landing essence\\react-tailwindcss\\server\\node_modules\\supertest\\lib\\test.js:342:13)\n    at Test.assert (C:\\Users\\sergu\\OneDrive\\Desktop\\MIS PROYECTOS PROFESIONALES\\landing essence\\react-tailwindcss\\server\\node_modules\\supertest\\lib\\test.js:195:23)\n    at localAssert (C:\\Users\\sergu\\OneDrive\\Desktop\\MIS PROYECTOS PROFESIONALES\\landing essence\\react-tailwindcss\\server\\node_modules\\supertest\\lib\\test.js:138:14)\n    at Server.<anonymous> (C:\\Users\\sergu\\OneDrive\\Desktop\\MIS PROYECTOS PROFESIONALES\\landing essence\\react-tailwindcss\\server\\node_modules\\supertest\\lib\\test.js:152:11)\n    at Object.onceWrapper (node:events:633:28)\n    at Server.emit (node:events:519:28)\n    at emitCloseNT (node:net:2419:8)\n    at processTicksAndRejections (node:internal/process/task_queues:88:21)"],"fullName":"Customer Points Controller GET /api/customers/:customerId/points debe obtener el balance de puntos del cliente","invocations":1,"location":null,"numPassingAsserts":0,"retryReasons":[],"status":"failed","title":"debe obtener el balance de puntos del cliente"},{"ancestorTitles":["Customer Points Controller","GET /api/customers/:customerId/points"],"duration":198,"failureDetails":[{}],"failureMessages":["Error: expected 200 \"OK\", got 404 \"Not Found\"\n    at Object.<anonymous> (C:\\Users\\sergu\\OneDrive\\Desktop\\MIS PROYECTOS PROFESIONALES\\landing essence\\react-tailwindcss\\server\\__tests__\\controllers\\customerPoints.controller.test.js:90:8)\n    at processTicksAndRejections (node:internal/process/task_queues:103:5)\n----\n    at Test._assertStatus (C:\\Users\\sergu\\OneDrive\\Desktop\\MIS PROYECTOS PROFESIONALES\\landing essence\\react-tailwindcss\\server\\node_modules\\supertest\\lib\\test.js:309:14)\n    at C:\\Users\\sergu\\OneDrive\\Desktop\\MIS PROYECTOS PROFESIONALES\\landing essence\\react-tailwindcss\\server\\node_modules\\supertest\\lib\\test.js:365:13\n    at Test._assertFunction (C:\\Users\\sergu\\OneDrive\\Desktop\\MIS PROYECTOS PROFESIONALES\\landing essence\\react-tailwindcss\\server\\node_modules\\supertest\\lib\\test.js:342:13)\n    at Test.assert (C:\\Users\\sergu\\OneDrive\\Desktop\\MIS PROYECTOS PROFESIONALES\\landing essence\\react-tailwindcss\\server\\node_modules\\supertest\\lib\\test.js:195:23)\n    at localAssert (C:\\Users\\sergu\\OneDrive\\Desktop\\MIS PROYECTOS PROFESIONALES\\landing essence\\react-tailwindcss\\server\\node_modules\\supertest\\lib\\test.js:138:14)\n    at Server.<anonymous> (C:\\Users\\sergu\\OneDrive\\Desktop\\MIS PROYECTOS PROFESIONALES\\landing essence\\react-tailwindcss\\server\\node_modules\\supertest\\lib\\test.js:152:11)\n    at Object.onceWrapper (node:events:633:28)\n    at Server.emit (node:events:519:28)\n    at emitCloseNT (node:net:2419:8)\n    at processTicksAndRejections (node:internal/process/task_queues:88:21)"],"fullName":"Customer Points Controller GET /api/customers/:customerId/points debe retornar 404 si el cliente no existe","invocations":1,"location":null,"numPassingAsserts":0,"retryReasons":[],"status":"failed","title":"debe retornar 404 si el cliente no existe"},{"ancestorTitles":["Customer Points Controller","GET /api/customers/:customerId/points"],"duration":132,"failureDetails":[{}],"failureMessages":["Error: expected 200 \"OK\", got 404 \"Not Found\"\n    at Object.<anonymous> (C:\\Users\\sergu\\OneDrive\\Desktop\\MIS PROYECTOS PROFESIONALES\\landing essence\\react-tailwindcss\\server\\__tests__\\controllers\\customerPoints.controller.test.js:90:8)\n    at processTicksAndRejections (node:internal/process/task_queues:103:5)\n----\n    at Test._assertStatus (C:\\Users\\sergu\\OneDrive\\Desktop\\MIS PROYECTOS PROFESIONALES\\landing essence\\react-tailwindcss\\server\\node_modules\\supertest\\lib\\test.js:309:14)\n    at C:\\Users\\sergu\\OneDrive\\Desktop\\MIS PROYECTOS PROFESIONALES\\landing essence\\react-tailwindcss\\server\\node_modules\\supertest\\lib\\test.js:365:13\n    at Test._assertFunction (C:\\Users\\sergu\\OneDrive\\Desktop\\MIS PROYECTOS PROFESIONALES\\landing essence\\react-tailwindcss\\server\\node_modules\\supertest\\lib\\test.js:342:13)\n    at Test.assert (C:\\Users\\sergu\\OneDrive\\Desktop\\MIS PROYECTOS PROFESIONALES\\landing essence\\react-tailwindcss\\server\\node_modules\\supertest\\lib\\test.js:195:23)\n    at localAssert (C:\\Users\\sergu\\OneDrive\\Desktop\\MIS PROYECTOS PROFESIONALES\\landing essence\\react-tailwindcss\\server\\node_modules\\supertest\\lib\\test.js:138:14)\n    at Server.<anonymous> (C:\\Users\\sergu\\OneDrive\\Desktop\\MIS PROYECTOS PROFESIONALES\\landing essence\\react-tailwindcss\\server\\node_modules\\supertest\\lib\\test.js:152:11)\n    at Object.onceWrapper (node:events:633:28)\n    at Server.emit (node:events:519:28)\n    at emitCloseNT (node:net:2419:8)\n    at processTicksAndRejections (node:internal/process/task_queues:88:21)"],"fullName":"Customer Points Controller GET /api/customers/:customerId/points debe retornar 400 si falta el business-id","invocations":1,"location":null,"numPassingAsserts":0,"retryReasons":[],"status":"failed","title":"debe retornar 400 si falta el business-id"},{"ancestorTitles":["Customer Points Controller","POST /api/customers/:customerId/points/adjust"],"duration":134,"failureDetails":[{}],"failureMessages":["Error: expected 200 \"OK\", got 404 \"Not Found\"\n    at Object.<anonymous> (C:\\Users\\sergu\\OneDrive\\Desktop\\MIS PROYECTOS PROFESIONALES\\landing essence\\react-tailwindcss\\server\\__tests__\\controllers\\customerPoints.controller.test.js:90:8)\n    at processTicksAndRejections (node:internal/process/task_queues:103:5)\n----\n    at Test._assertStatus (C:\\Users\\sergu\\OneDrive\\Desktop\\MIS PROYECTOS PROFESIONALES\\landing essence\\react-tailwindcss\\server\\node_modules\\supertest\\lib\\test.js:309:14)\n    at C:\\Users\\sergu\\OneDrive\\Desktop\\MIS PROYECTOS PROFESIONALES\\landing essence\\react-tailwindcss\\server\\node_modules\\supertest\\lib\\test.js:365:13\n    at Test._assertFunction (C:\\Users\\sergu\\OneDrive\\Desktop\\MIS PROYECTOS PROFESIONALES\\landing essence\\react-tailwindcss\\server\\node_modules\\supertest\\lib\\test.js:342:13)\n    at Test.assert (C:\\Users\\sergu\\OneDrive\\Desktop\\MIS PROYECTOS PROFESIONALES\\landing essence\\react-tailwindcss\\server\\node_modules\\supertest\\lib\\test.js:195:23)\n    at localAssert (C:\\Users\\sergu\\OneDrive\\Desktop\\MIS PROYECTOS PROFESIONALES\\landing essence\\react-tailwindcss\\server\\node_modules\\supertest\\lib\\test.js:138:14)\n    at Server.<anonymous> (C:\\Users\\sergu\\OneDrive\\Desktop\\MIS PROYECTOS PROFESIONALES\\landing essence\\react-tailwindcss\\server\\node_modules\\supertest\\lib\\test.js:152:11)\n    at Object.onceWrapper (node:events:633:28)\n    at Server.emit (node:events:519:28)\n    at emitCloseNT (node:net:2419:8)\n    at processTicksAndRejections (node:internal/process/task_queues:88:21)"],"fullName":"Customer Points Controller POST /api/customers/:customerId/points/adjust debe ajustar puntos positivos (bonus)","invocations":1,"location":null,"numPassingAsserts":0,"retryReasons":[],"status":"failed","title":"debe ajustar puntos positivos (bonus)"},{"ancestorTitles":["Customer Points Controller","POST /api/customers/:customerId/points/adjust"],"duration":126,"failureDetails":[{}],"failureMessages":["Error: expected 200 \"OK\", got 404 \"Not Found\"\n    at Object.<anonymous> (C:\\Users\\sergu\\OneDrive\\Desktop\\MIS PROYECTOS PROFESIONALES\\landing essence\\react-tailwindcss\\server\\__tests__\\controllers\\customerPoints.controller.test.js:90:8)\n    at processTicksAndRejections (node:internal/process/task_queues:103:5)\n----\n    at Test._assertStatus (C:\\Users\\sergu\\OneDrive\\Desktop\\MIS PROYECTOS PROFESIONALES\\landing essence\\react-tailwindcss\\server\\node_modules\\supertest\\lib\\test.js:309:14)\n    at C:\\Users\\sergu\\OneDrive\\Desktop\\MIS PROYECTOS PROFESIONALES\\landing essence\\react-tailwindcss\\server\\node_modules\\supertest\\lib\\test.js:365:13\n    at Test._assertFunction (C:\\Users\\sergu\\OneDrive\\Desktop\\MIS PROYECTOS PROFESIONALES\\landing essence\\react-tailwindcss\\server\\node_modules\\supertest\\lib\\test.js:342:13)\n    at Test.assert (C:\\Users\\sergu\\OneDrive\\Desktop\\MIS PROYECTOS PROFESIONALES\\landing essence\\react-tailwindcss\\server\\node_modules\\supertest\\lib\\test.js:195:23)\n    at localAssert (C:\\Users\\sergu\\OneDrive\\Desktop\\MIS PROYECTOS PROFESIONALES\\landing essence\\react-tailwindcss\\server\\node_modules\\supertest\\lib\\test.js:138:14)\n    at Server.<anonymous> (C:\\Users\\sergu\\OneDrive\\Desktop\\MIS PROYECTOS PROFESIONALES\\landing essence\\react-tailwindcss\\server\\node_modules\\supertest\\lib\\test.js:152:11)\n    at Object.onceWrapper (node:events:633:28)\n    at Server.emit (node:events:519:28)\n    at emitCloseNT (node:net:2419:8)\n    at processTicksAndRejections (node:internal/process/task_queues:88:21)"],"fullName":"Customer Points Controller POST /api/customers/:customerId/points/adjust debe ajustar puntos negativos (corrección)","invocations":1,"location":null,"numPassingAsserts":0,"retryReasons":[],"status":"failed","title":"debe ajustar puntos negativos (corrección)"},{"ancestorTitles":["Customer Points Controller","POST /api/customers/:customerId/points/adjust"],"duration":112,"failureDetails":[{}],"failureMessages":["Error: expected 200 \"OK\", got 404 \"Not Found\"\n    at Object.<anonymous> (C:\\Users\\sergu\\OneDrive\\Desktop\\MIS PROYECTOS PROFESIONALES\\landing essence\\react-tailwindcss\\server\\__tests__\\controllers\\customerPoints.controller.test.js:90:8)\n    at processTicksAndRejections (node:internal/process/task_queues:103:5)\n----\n    at Test._assertStatus (C:\\Users\\sergu\\OneDrive\\Desktop\\MIS PROYECTOS PROFESIONALES\\landing essence\\react-tailwindcss\\server\\node_modules\\supertest\\lib\\test.js:309:14)\n    at C:\\Users\\sergu\\OneDrive\\Desktop\\MIS PROYECTOS PROFESIONALES\\landing essence\\react-tailwindcss\\server\\node_modules\\supertest\\lib\\test.js:365:13\n    at Test._assertFunction (C:\\Users\\sergu\\OneDrive\\Desktop\\MIS PROYECTOS PROFESIONALES\\landing essence\\react-tailwindcss\\server\\node_modules\\supertest\\lib\\test.js:342:13)\n    at Test.assert (C:\\Users\\sergu\\OneDrive\\Desktop\\MIS PROYECTOS PROFESIONALES\\landing essence\\react-tailwindcss\\server\\node_modules\\supertest\\lib\\test.js:195:23)\n    at localAssert (C:\\Users\\sergu\\OneDrive\\Desktop\\MIS PROYECTOS PROFESIONALES\\landing essence\\react-tailwindcss\\server\\node_modules\\supertest\\lib\\test.js:138:14)\n    at Server.<anonymous> (C:\\Users\\sergu\\OneDrive\\Desktop\\MIS PROYECTOS PROFESIONALES\\landing essence\\react-tailwindcss\\server\\node_modules\\supertest\\lib\\test.js:152:11)\n    at Object.onceWrapper (node:events:633:28)\n    at Server.emit (node:events:519:28)\n    at emitCloseNT (node:net:2419:8)\n    at processTicksAndRejections (node:internal/process/task_queues:88:21)"],"fullName":"Customer Points Controller POST /api/customers/:customerId/points/adjust debe rechazar puntos = 0","invocations":1,"location":null,"numPassingAsserts":0,"retryReasons":[],"status":"failed","title":"debe rechazar puntos = 0"},{"ancestorTitles":["Customer Points Controller","POST /api/customers/:customerId/points/adjust"],"duration":111,"failureDetails":[{}],"failureMessages":["Error: expected 200 \"OK\", got 404 \"Not Found\"\n    at Object.<anonymous> (C:\\Users\\sergu\\OneDrive\\Desktop\\MIS PROYECTOS PROFESIONALES\\landing essence\\react-tailwindcss\\server\\__tests__\\controllers\\customerPoints.controller.test.js:90:8)\n    at processTicksAndRejections (node:internal/process/task_queues:103:5)\n----\n    at Test._assertStatus (C:\\Users\\sergu\\OneDrive\\Desktop\\MIS PROYECTOS PROFESIONALES\\landing essence\\react-tailwindcss\\server\\node_modules\\supertest\\lib\\test.js:309:14)\n    at C:\\Users\\sergu\\OneDrive\\Desktop\\MIS PROYECTOS PROFESIONALES\\landing essence\\react-tailwindcss\\server\\node_modules\\supertest\\lib\\test.js:365:13\n    at Test._assertFunction (C:\\Users\\sergu\\OneDrive\\Desktop\\MIS PROYECTOS PROFESIONALES\\landing essence\\react-tailwindcss\\server\\node_modules\\supertest\\lib\\test.js:342:13)\n    at Test.assert (C:\\Users\\sergu\\OneDrive\\Desktop\\MIS PROYECTOS PROFESIONALES\\landing essence\\react-tailwindcss\\server\\node_modules\\supertest\\lib\\test.js:195:23)\n    at localAssert (C:\\Users\\sergu\\OneDrive\\Desktop\\MIS PROYECTOS PROFESIONALES\\landing essence\\react-tailwindcss\\server\\node_modules\\supertest\\lib\\test.js:138:14)\n    at Server.<anonymous> (C:\\Users\\sergu\\OneDrive\\Desktop\\MIS PROYECTOS PROFESIONALES\\landing essence\\react-tailwindcss\\server\\node_modules\\supertest\\lib\\test.js:152:11)\n    at Object.onceWrapper (node:events:633:28)\n    at Server.emit (node:events:519:28)\n    at emitCloseNT (node:net:2419:8)\n    at processTicksAndRejections (node:internal/process/task_queues:88:21)"],"fullName":"Customer Points Controller POST /api/customers/:customerId/points/adjust debe rechazar sin razón válida","invocations":1,"location":null,"numPassingAsserts":0,"retryReasons":[],"status":"failed","title":"debe rechazar sin razón válida"},{"ancestorTitles":["Customer Points Controller","POST /api/customers/:customerId/points/validate-redemption"],"duration":113,"failureDetails":[{}],"failureMessages":["Error: expected 200 \"OK\", got 404 \"Not Found\"\n    at Object.<anonymous> (C:\\Users\\sergu\\OneDrive\\Desktop\\MIS PROYECTOS PROFESIONALES\\landing essence\\react-tailwindcss\\server\\__tests__\\controllers\\customerPoints.controller.test.js:90:8)\n    at processTicksAndRejections (node:internal/process/task_queues:103:5)\n----\n    at Test._assertStatus (C:\\Users\\sergu\\OneDrive\\Desktop\\MIS PROYECTOS PROFESIONALES\\landing essence\\react-tailwindcss\\server\\node_modules\\supertest\\lib\\test.js:309:14)\n    at C:\\Users\\sergu\\OneDrive\\Desktop\\MIS PROYECTOS PROFESIONALES\\landing essence\\react-tailwindcss\\server\\node_modules\\supertest\\lib\\test.js:365:13\n    at Test._assertFunction (C:\\Users\\sergu\\OneDrive\\Desktop\\MIS PROYECTOS PROFESIONALES\\landing essence\\react-tailwindcss\\server\\node_modules\\supertest\\lib\\test.js:342:13)\n    at Test.assert (C:\\Users\\sergu\\OneDrive\\Desktop\\MIS PROYECTOS PROFESIONALES\\landing essence\\react-tailwindcss\\server\\node_modules\\supertest\\lib\\test.js:195:23)\n    at localAssert (C:\\Users\\sergu\\OneDrive\\Desktop\\MIS PROYECTOS PROFESIONALES\\landing essence\\react-tailwindcss\\server\\node_modules\\supertest\\lib\\test.js:138:14)\n    at Server.<anonymous> (C:\\Users\\sergu\\OneDrive\\Desktop\\MIS PROYECTOS PROFESIONALES\\landing essence\\react-tailwindcss\\server\\node_modules\\supertest\\lib\\test.js:152:11)\n    at Object.onceWrapper (node:events:633:28)\n    at Server.emit (node:events:519:28)\n    at emitCloseNT (node:net:2419:8)\n    at processTicksAndRejections (node:internal/process/task_queues:88:21)"],"fullName":"Customer Points Controller POST /api/customers/:customerId/points/validate-redemption debe aprobar redención válida","invocations":1,"location":null,"numPassingAsserts":0,"retryReasons":[],"status":"failed","title":"debe aprobar redención válida"},{"ancestorTitles":["Customer Points Controller","POST /api/customers/:customerId/points/validate-redemption"],"duration":113,"failureDetails":[{}],"failureMessages":["Error: expected 200 \"OK\", got 404 \"Not Found\"\n    at Object.<anonymous> (C:\\Users\\sergu\\OneDrive\\Desktop\\MIS PROYECTOS PROFESIONALES\\landing essence\\react-tailwindcss\\server\\__tests__\\controllers\\customerPoints.controller.test.js:90:8)\n    at processTicksAndRejections (node:internal/process/task_queues:103:5)\n----\n    at Test._assertStatus (C:\\Users\\sergu\\OneDrive\\Desktop\\MIS PROYECTOS PROFESIONALES\\landing essence\\react-tailwindcss\\server\\node_modules\\supertest\\lib\\test.js:309:14)\n    at C:\\Users\\sergu\\OneDrive\\Desktop\\MIS PROYECTOS PROFESIONALES\\landing essence\\react-tailwindcss\\server\\node_modules\\supertest\\lib\\test.js:365:13\n    at Test._assertFunction (C:\\Users\\sergu\\OneDrive\\Desktop\\MIS PROYECTOS PROFESIONALES\\landing essence\\react-tailwindcss\\server\\node_modules\\supertest\\lib\\test.js:342:13)\n    at Test.assert (C:\\Users\\sergu\\OneDrive\\Desktop\\MIS PROYECTOS PROFESIONALES\\landing essence\\react-tailwindcss\\server\\node_modules\\supertest\\lib\\test.js:195:23)\n    at localAssert (C:\\Users\\sergu\\OneDrive\\Desktop\\MIS PROYECTOS PROFESIONALES\\landing essence\\react-tailwindcss\\server\\node_modules\\supertest\\lib\\test.js:138:14)\n    at Server.<anonymous> (C:\\Users\\sergu\\OneDrive\\Desktop\\MIS PROYECTOS PROFESIONALES\\landing essence\\react-tailwindcss\\server\\node_modules\\supertest\\lib\\test.js:152:11)\n    at Object.onceWrapper (node:events:633:28)\n    at Server.emit (node:events:519:28)\n    at emitCloseNT (node:net:2419:8)\n    at processTicksAndRejections (node:internal/process/task_queues:88:21)"],"fullName":"Customer Points Controller POST /api/customers/:customerId/points/validate-redemption debe rechazar redención que excede puntos disponibles","invocations":1,"location":null,"numPassingAsserts":0,"retryReasons":[],"status":"failed","title":"debe rechazar redención que excede puntos disponibles"},{"ancestorTitles":["Customer Points Controller","POST /api/customers/:customerId/points/validate-redemption"],"duration":111,"failureDetails":[{}],"failureMessages":["Error: expected 200 \"OK\", got 404 \"Not Found\"\n    at Object.<anonymous> (C:\\Users\\sergu\\OneDrive\\Desktop\\MIS PROYECTOS PROFESIONALES\\landing essence\\react-tailwindcss\\server\\__tests__\\controllers\\customerPoints.controller.test.js:90:8)\n    at processTicksAndRejections (node:internal/process/task_queues:103:5)\n----\n    at Test._assertStatus (C:\\Users\\sergu\\OneDrive\\Desktop\\MIS PROYECTOS PROFESIONALES\\landing essence\\react-tailwindcss\\server\\node_modules\\supertest\\lib\\test.js:309:14)\n    at C:\\Users\\sergu\\OneDrive\\Desktop\\MIS PROYECTOS PROFESIONALES\\landing essence\\react-tailwindcss\\server\\node_modules\\supertest\\lib\\test.js:365:13\n    at Test._assertFunction (C:\\Users\\sergu\\OneDrive\\Desktop\\MIS PROYECTOS PROFESIONALES\\landing essence\\react-tailwindcss\\server\\node_modules\\supertest\\lib\\test.js:342:13)\n    at Test.assert (C:\\Users\\sergu\\OneDrive\\Desktop\\MIS PROYECTOS PROFESIONALES\\landing essence\\react-tailwindcss\\server\\node_modules\\supertest\\lib\\test.js:195:23)\n    at localAssert (C:\\Users\\sergu\\OneDrive\\Desktop\\MIS PROYECTOS PROFESIONALES\\landing essence\\react-tailwindcss\\server\\node_modules\\supertest\\lib\\test.js:138:14)\n    at Server.<anonymous> (C:\\Users\\sergu\\OneDrive\\Desktop\\MIS PROYECTOS PROFESIONALES\\landing essence\\react-tailwindcss\\server\\node_modules\\supertest\\lib\\test.js:152:11)\n    at Object.onceWrapper (node:events:633:28)\n    at Server.emit (node:events:519:28)\n    at emitCloseNT (node:net:2419:8)\n    at processTicksAndRejections (node:internal/process/task_queues:88:21)"],"fullName":"Customer Points Controller POST /api/customers/:customerId/points/validate-redemption debe rechazar si puntos exceden 50% del total","invocations":1,"location":null,"numPassingAsserts":0,"retryReasons":[],"status":"failed","title":"debe rechazar si puntos exceden 50% del total"},{"ancestorTitles":["Customer Points Controller","GET /api/customers/:customerId/points/history"],"duration":111,"failureDetails":[{}],"failureMessages":["Error: expected 200 \"OK\", got 404 \"Not Found\"\n    at Object.<anonymous> (C:\\Users\\sergu\\OneDrive\\Desktop\\MIS PROYECTOS PROFESIONALES\\landing essence\\react-tailwindcss\\server\\__tests__\\controllers\\customerPoints.controller.test.js:90:8)\n    at processTicksAndRejections (node:internal/process/task_queues:103:5)\n----\n    at Test._assertStatus (C:\\Users\\sergu\\OneDrive\\Desktop\\MIS PROYECTOS PROFESIONALES\\landing essence\\react-tailwindcss\\server\\node_modules\\supertest\\lib\\test.js:309:14)\n    at C:\\Users\\sergu\\OneDrive\\Desktop\\MIS PROYECTOS PROFESIONALES\\landing essence\\react-tailwindcss\\server\\node_modules\\supertest\\lib\\test.js:365:13\n    at Test._assertFunction (C:\\Users\\sergu\\OneDrive\\Desktop\\MIS PROYECTOS PROFESIONALES\\landing essence\\react-tailwindcss\\server\\node_modules\\supertest\\lib\\test.js:342:13)\n    at Test.assert (C:\\Users\\sergu\\OneDrive\\Desktop\\MIS PROYECTOS PROFESIONALES\\landing essence\\react-tailwindcss\\server\\node_modules\\supertest\\lib\\test.js:195:23)\n    at localAssert (C:\\Users\\sergu\\OneDrive\\Desktop\\MIS PROYECTOS PROFESIONALES\\landing essence\\react-tailwindcss\\server\\node_modules\\supertest\\lib\\test.js:138:14)\n    at Server.<anonymous> (C:\\Users\\sergu\\OneDrive\\Desktop\\MIS PROYECTOS PROFESIONALES\\landing essence\\react-tailwindcss\\server\\node_modules\\supertest\\lib\\test.js:152:11)\n    at Object.onceWrapper (node:events:633:28)\n    at Server.emit (node:events:519:28)\n    at emitCloseNT (node:net:2419:8)\n    at processTicksAndRejections (node:internal/process/task_queues:88:21)"],"fullName":"Customer Points Controller GET /api/customers/:customerId/points/history debe obtener historial vacío inicialmente","invocations":1,"location":null,"numPassingAsserts":0,"retryReasons":[],"status":"failed","title":"debe obtener historial vacío inicialmente"},{"ancestorTitles":["Customer Points Controller","GET /api/customers/:customerId/points/history"],"duration":112,"failureDetails":[{}],"failureMessages":["Error: expected 200 \"OK\", got 404 \"Not Found\"\n    at Object.<anonymous> (C:\\Users\\sergu\\OneDrive\\Desktop\\MIS PROYECTOS PROFESIONALES\\landing essence\\react-tailwindcss\\server\\__tests__\\controllers\\customerPoints.controller.test.js:90:8)\n    at processTicksAndRejections (node:internal/process/task_queues:103:5)\n----\n    at Test._assertStatus (C:\\Users\\sergu\\OneDrive\\Desktop\\MIS PROYECTOS PROFESIONALES\\landing essence\\react-tailwindcss\\server\\node_modules\\supertest\\lib\\test.js:309:14)\n    at C:\\Users\\sergu\\OneDrive\\Desktop\\MIS PROYECTOS PROFESIONALES\\landing essence\\react-tailwindcss\\server\\node_modules\\supertest\\lib\\test.js:365:13\n    at Test._assertFunction (C:\\Users\\sergu\\OneDrive\\Desktop\\MIS PROYECTOS PROFESIONALES\\landing essence\\react-tailwindcss\\server\\node_modules\\supertest\\lib\\test.js:342:13)\n    at Test.assert (C:\\Users\\sergu\\OneDrive\\Desktop\\MIS PROYECTOS PROFESIONALES\\landing essence\\react-tailwindcss\\server\\node_modules\\supertest\\lib\\test.js:195:23)\n    at localAssert (C:\\Users\\sergu\\OneDrive\\Desktop\\MIS PROYECTOS PROFESIONALES\\landing essence\\react-tailwindcss\\server\\node_modules\\supertest\\lib\\test.js:138:14)\n    at Server.<anonymous> (C:\\Users\\sergu\\OneDrive\\Desktop\\MIS PROYECTOS PROFESIONALES\\landing essence\\react-tailwindcss\\server\\node_modules\\supertest\\lib\\test.js:152:11)\n    at Object.onceWrapper (node:events:633:28)\n    at Server.emit (node:events:519:28)\n    at emitCloseNT (node:net:2419:8)\n    at processTicksAndRejections (node:internal/process/task_queues:88:21)"],"fullName":"Customer Points Controller GET /api/customers/:customerId/points/history debe registrar historial después de ajuste","invocations":1,"location":null,"numPassingAsserts":0,"retryReasons":[],"status":"failed","title":"debe registrar historial después de ajuste"},{"ancestorTitles":["Customer Points Controller","GET /api/points/config"],"duration":113,"failureDetails":[{}],"failureMessages":["Error: expected 200 \"OK\", got 404 \"Not Found\"\n    at Object.<anonymous> (C:\\Users\\sergu\\OneDrive\\Desktop\\MIS PROYECTOS PROFESIONALES\\landing essence\\react-tailwindcss\\server\\__tests__\\controllers\\customerPoints.controller.test.js:90:8)\n    at processTicksAndRejections (node:internal/process/task_queues:103:5)\n----\n    at Test._assertStatus (C:\\Users\\sergu\\OneDrive\\Desktop\\MIS PROYECTOS PROFESIONALES\\landing essence\\react-tailwindcss\\server\\node_modules\\supertest\\lib\\test.js:309:14)\n    at C:\\Users\\sergu\\OneDrive\\Desktop\\MIS PROYECTOS PROFESIONALES\\landing essence\\react-tailwindcss\\server\\node_modules\\supertest\\lib\\test.js:365:13\n    at Test._assertFunction (C:\\Users\\sergu\\OneDrive\\Desktop\\MIS PROYECTOS PROFESIONALES\\landing essence\\react-tailwindcss\\server\\node_modules\\supertest\\lib\\test.js:342:13)\n    at Test.assert (C:\\Users\\sergu\\OneDrive\\Desktop\\MIS PROYECTOS PROFESIONALES\\landing essence\\react-tailwindcss\\server\\node_modules\\supertest\\lib\\test.js:195:23)\n    at localAssert (C:\\Users\\sergu\\OneDrive\\Desktop\\MIS PROYECTOS PROFESIONALES\\landing essence\\react-tailwindcss\\server\\node_modules\\supertest\\lib\\test.js:138:14)\n    at Server.<anonymous> (C:\\Users\\sergu\\OneDrive\\Desktop\\MIS PROYECTOS PROFESIONALES\\landing essence\\react-tailwindcss\\server\\node_modules\\supertest\\lib\\test.js:152:11)\n    at Object.onceWrapper (node:events:633:28)\n    at Server.emit (node:events:519:28)\n    at emitCloseNT (node:net:2419:8)\n    at processTicksAndRejections (node:internal/process/task_queues:88:21)"],"fullName":"Customer Points Controller GET /api/points/config debe obtener la configuración de puntos","invocations":1,"location":null,"numPassingAsserts":0,"retryReasons":[],"status":"failed","title":"debe obtener la configuración de puntos"}],"endTime":1775869984041,"message":"\u001b[1m\u001b[31m  \u001b[1m● \u001b[22m\u001b[1mCustomer Points Controller › GET /api/customers/:customerId/points › debe obtener el balance de puntos del cliente\u001b[39m\u001b[22m\n\n    expected 200 \"OK\", got 404 \"Not Found\"\n\u001b[2m\u001b[22m\n\u001b[2m    \u001b[0m \u001b[90m 88 |\u001b[39m       \u001b[33m.\u001b[39mpost(\u001b[32m\"/api/auth/login\"\u001b[39m)\u001b[22m\n\u001b[2m     \u001b[90m 89 |\u001b[39m       \u001b[33m.\u001b[39msend({ email\u001b[33m:\u001b[39m \u001b[32m\"admin.points@test.com\"\u001b[39m\u001b[33m,\u001b[39m password\u001b[33m:\u001b[39m \u001b[32m\"password123\"\u001b[39m })\u001b[22m\n\u001b[2m    \u001b[31m\u001b[1m>\u001b[22m\u001b[2m\u001b[39m\u001b[90m 90 |\u001b[39m       \u001b[33m.\u001b[39mexpect(\u001b[35m200\u001b[39m)\u001b[33m;\u001b[39m\u001b[22m\n\u001b[2m     \u001b[90m    |\u001b[39m        \u001b[31m\u001b[1m^\u001b[22m\u001b[2m\u001b[39m\u001b[22m\n\u001b[2m     \u001b[90m 91 |\u001b[39m     adminToken \u001b[33m=\u001b[39m login\u001b[33m.\u001b[39mbody\u001b[33m.\u001b[39mtoken\u001b[33m;\u001b[39m\u001b[22m\n\u001b[2m     \u001b[90m 92 |\u001b[39m\u001b[22m\n\u001b[2m     \u001b[90m 93 |\u001b[39m     \u001b[90m// Crear cliente de prueba\u001b[39m\u001b[0m\u001b[22m\n\u001b[2m\u001b[22m\n\u001b[2m      \u001b[2mat Object.<anonymous> (\u001b[22m\u001b[2m\u001b[0m\u001b[36m__tests__/controllers/customerPoints.controller.test.js\u001b[39m\u001b[0m\u001b[2m:90:8)\u001b[22m\u001b[2m\u001b[22m\n\u001b[2m      ----\u001b[22m\n\u001b[2m      \u001b[2mat Test._assertStatus (\u001b[22m\u001b[2m\u001b[0m\u001b[36mnode_modules/supertest/lib/test.js\u001b[39m\u001b[0m\u001b[2m:309:14)\u001b[22m\u001b[2m\u001b[22m\n\u001b[2m      \u001b[2mat \u001b[22m\u001b[2m\u001b[0m\u001b[36mnode_modules/supertest/lib/test.js\u001b[39m\u001b[0m\u001b[2m:365:13\u001b[22m\u001b[2m\u001b[22m\n\u001b[2m      \u001b[2mat Test._assertFunction (\u001b[22m\u001b[2m\u001b[0m\u001b[36mnode_modules/supertest/lib/test.js\u001b[39m\u001b[0m\u001b[2m:342:13)\u001b[22m\u001b[2m\u001b[22m\n\u001b[2m      \u001b[2mat Test.assert (\u001b[22m\u001b[2m\u001b[0m\u001b[36mnode_modules/supertest/lib/test.js\u001b[39m\u001b[0m\u001b[2m:195:23)\u001b[22m\u001b[2m\u001b[22m\n\u001b[2m      \u001b[2mat localAssert (\u001b[22m\u001b[2m\u001b[0m\u001b[36mnode_modules/supertest/lib/test.js\u001b[39m\u001b[0m\u001b[2m:138:14)\u001b[22m\u001b[2m\u001b[22m\n\u001b[2m      \u001b[2mat Server.<anonymous> (\u001b[22m\u001b[2m\u001b[0m\u001b[36mnode_modules/supertest/lib/test.js\u001b[39m\u001b[0m\u001b[2m:152:11)\u001b[22m\u001b[2m\u001b[22m\n\n\u001b[1m\u001b[31m  \u001b[1m● \u001b[22m\u001b[1mCustomer Points Controller › GET /api/customers/:customerId/points › debe retornar 404 si el cliente no existe\u001b[39m\u001b[22m\n\n    expected 200 \"OK\", got 404 \"Not Found\"\n\u001b[2m\u001b[22m\n\u001b[2m    \u001b[0m \u001b[90m 88 |\u001b[39m       \u001b[33m.\u001b[39mpost(\u001b[32m\"/api/auth/login\"\u001b[39m)\u001b[22m\n\u001b[2m     \u001b[90m 89 |\u001b[39m       \u001b[33m.\u001b[39msend({ email\u001b[33m:\u001b[39m \u001b[32m\"admin.points@test.com\"\u001b[39m\u001b[33m,\u001b[39m password\u001b[33m:\u001b[39m \u001b[32m\"password123\"\u001b[39m })\u001b[22m\n\u001b[2m    \u001b[31m\u001b[1m>\u001b[22m\u001b[2m\u001b[39m\u001b[90m 90 |\u001b[39m       \u001b[33m.\u001b[39mexpect(\u001b[35m200\u001b[39m)\u001b[33m;\u001b[39m\u001b[22m\n\u001b[2m     \u001b[90m    |\u001b[39m        \u001b[31m\u001b[1m^\u001b[22m\u001b[2m\u001b[39m\u001b[22m\n\u001b[2m     \u001b[90m 91 |\u001b[39m     adminToken \u001b[33m=\u001b[39m login\u001b[33m.\u001b[39mbody\u001b[33m.\u001b[39mtoken\u001b[33m;\u001b[39m\u001b[22m\n\u001b[2m     \u001b[90m 92 |\u001b[39m\u001b[22m\n\u001b[2m     \u001b[90m 93 |\u001b[39m     \u001b[90m// Crear cliente de prueba\u001b[39m\u001b[0m\u001b[22m\n\u001b[2m\u001b[22m\n\u001b[2m      \u001b[2mat Object.<anonymous> (\u001b[22m\u001b[2m\u001b[0m\u001b[36m__tests__/controllers/customerPoints.controller.test.js\u001b[39m\u001b[0m\u001b[2m:90:8)\u001b[22m\u001b[2m\u001b[22m\n\u001b[2m      ----\u001b[22m\n\u001b[2m      \u001b[2mat Test._assertStatus (\u001b[22m\u001b[2m\u001b[0m\u001b[36mnode_modules/supertest/lib/test.js\u001b[39m\u001b[0m\u001b[2m:309:14)\u001b[22m\u001b[2m\u001b[22m\n\u001b[2m      \u001b[2mat \u001b[22m\u001b[2m\u001b[0m\u001b[36mnode_modules/supertest/lib/test.js\u001b[39m\u001b[0m\u001b[2m:365:13\u001b[22m\u001b[2m\u001b[22m\n\u001b[2m      \u001b[2mat Test._assertFunction (\u001b[22m\u001b[2m\u001b[0m\u001b[36mnode_modules/supertest/lib/test.js\u001b[39m\u001b[0m\u001b[2m:342:13)\u001b[22m\u001b[2m\u001b[22m\n\u001b[2m      \u001b[2mat Test.assert (\u001b[22m\u001b[2m\u001b[0m\u001b[36mnode_modules/supertest/lib/test.js\u001b[39m\u001b[0m\u001b[2m:195:23)\u001b[22m\u001b[2m\u001b[22m\n\u001b[2m      \u001b[2mat localAssert (\u001b[22m\u001b[2m\u001b[0m\u001b[36mnode_modules/supertest/lib/test.js\u001b[39m\u001b[0m\u001b[2m:138:14)\u001b[22m\u001b[2m\u001b[22m\n\u001b[2m      \u001b[2mat Server.<anonymous> (\u001b[22m\u001b[2m\u001b[0m\u001b[36mnode_modules/supertest/lib/test.js\u001b[39m\u001b[0m\u001b[2m:152:11)\u001b[22m\u001b[2m\u001b[22m\n\n\u001b[1m\u001b[31m  \u001b[1m● \u001b[22m\u001b[1mCustomer Points Controller › GET /api/customers/:customerId/points › debe retornar 400 si falta el business-id\u001b[39m\u001b[22m\n\n    expected 200 \"OK\", got 404 \"Not Found\"\n\u001b[2m\u001b[22m\n\u001b[2m    \u001b[0m \u001b[90m 88 |\u001b[39m       \u001b[33m.\u001b[39mpost(\u001b[32m\"/api/auth/login\"\u001b[39m)\u001b[22m\n\u001b[2m     \u001b[90m 89 |\u001b[39m       \u001b[33m.\u001b[39msend({ email\u001b[33m:\u001b[39m \u001b[32m\"admin.points@test.com\"\u001b[39m\u001b[33m,\u001b[39m password\u001b[33m:\u001b[39m \u001b[32m\"password123\"\u001b[39m })\u001b[22m\n\u001b[2m    \u001b[31m\u001b[1m>\u001b[22m\u001b[2m\u001b[39m\u001b[90m 90 |\u001b[39m       \u001b[33m.\u001b[39mexpect(\u001b[35m200\u001b[39m)\u001b[33m;\u001b[39m\u001b[22m\n\u001b[2m     \u001b[90m    |\u001b[39m        \u001b[31m\u001b[1m^\u001b[22m\u001b[2m\u001b[39m\u001b[22m\n\u001b[2m     \u001b[90m 91 |\u001b[39m     adminToken \u001b[33m=\u001b[39m login\u001b[33m.\u001b[39mbody\u001b[33m.\u001b[39mtoken\u001b[33m;\u001b[39m\u001b[22m\n\u001b[2m     \u001b[90m 92 |\u001b[39m\u001b[22m\n\u001b[2m     \u001b[90m 93 |\u001b[39m     \u001b[90m// Crear cliente de prueba\u001b[39m\u001b[0m\u001b[22m\n\u001b[2m\u001b[22m\n\u001b[2m      \u001b[2mat Object.<anonymous> (\u001b[22m\u001b[2m\u001b[0m\u001b[36m__tests__/controllers/customerPoints.controller.test.js\u001b[39m\u001b[0m\u001b[2m:90:8)\u001b[22m\u001b[2m\u001b[22m\n\u001b[2m      ----\u001b[22m\n\u001b[2m      \u001b[2mat Test._assertStatus (\u001b[22m\u001b[2m\u001b[0m\u001b[36mnode_modules/supertest/lib/test.js\u001b[39m\u001b[0m\u001b[2m:309:14)\u001b[22m\u001b[2m\u001b[22m\n\u001b[2m      \u001b[2mat \u001b[22m\u001b[2m\u001b[0m\u001b[36mnode_modules/supertest/lib/test.js\u001b[39m\u001b[0m\u001b[2m:365:13\u001b[22m\u001b[2m\u001b[22m\n\u001b[2m      \u001b[2mat Test._assertFunction (\u001b[22m\u001b[2m\u001b[0m\u001b[36mnode_modules/supertest/lib/test.js\u001b[39m\u001b[0m\u001b[2m:342:13)\u001b[22m\u001b[2m\u001b[22m\n\u001b[2m      \u001b[2mat Test.assert (\u001b[22m\u001b[2m\u001b[0m\u001b[36mnode_modules/supertest/lib/test.js\u001b[39m\u001b[0m\u001b[2m:195:23)\u001b[22m\u001b[2m\u001b[22m\n\u001b[2m      \u001b[2mat localAssert (\u001b[22m\u001b[2m\u001b[0m\u001b[36mnode_modules/supertest/lib/test.js\u001b[39m\u001b[0m\u001b[2m:138:14)\u001b[22m\u001b[2m\u001b[22m\n\u001b[2m      \u001b[2mat Server.<anonymous> (\u001b[22m\u001b[2m\u001b[0m\u001b[36mnode_modules/supertest/lib/test.js\u001b[39m\u001b[0m\u001b[2m:152:11)\u001b[22m\u001b[2m\u001b[22m\n\n\u001b[1m\u001b[31m  \u001b[1m● \u001b[22m\u001b[1mCustomer Points Controller › POST /api/customers/:customerId/points/adjust › debe ajustar puntos positivos (bonus)\u001b[39m\u001b[22m\n\n    expected 200 \"OK\", got 404 \"Not Found\"\n\u001b[2m\u001b[22m\n\u001b[2m    \u001b[0m \u001b[90m 88 |\u001b[39m       \u001b[33m.\u001b[39mpost(\u001b[32m\"/api/auth/login\"\u001b[39m)\u001b[22m\n\u001b[2m     \u001b[90m 89 |\u001b[39m       \u001b[33m.\u001b[39msend({ email\u001b[33m:\u001b[39m \u001b[32m\"admin.points@test.com\"\u001b[39m\u001b[33m,\u001b[39m password\u001b[33m:\u001b[39m \u001b[32m\"password123\"\u001b[39m })\u001b[22m\n\u001b[2m    \u001b[31m\u001b[1m>\u001b[22m\u001b[2m\u001b[39m\u001b[90m 90 |\u001b[39m       \u001b[33m.\u001b[39mexpect(\u001b[35m200\u001b[39m)\u001b[33m;\u001b[39m\u001b[22m\n\u001b[2m     \u001b[90m    |\u001b[39m        \u001b[31m\u001b[1m^\u001b[22m\u001b[2m\u001b[39m\u001b[22m\n\u001b[2m     \u001b[90m 91 |\u001b[39m     adminToken \u001b[33m=\u001b[39m login\u001b[33m.\u001b[39mbody\u001b[33m.\u001b[39mtoken\u001b[33m;\u001b[39m\u001b[22m\n\u001b[2m     \u001b[90m 92 |\u001b[39m\u001b[22m\n\u001b[2m     \u001b[90m 93 |\u001b[39m     \u001b[90m// Crear cliente de prueba\u001b[39m\u001b[0m\u001b[22m\n\u001b[2m\u001b[22m\n\u001b[2m      \u001b[2mat Object.<anonymous> (\u001b[22m\u001b[2m\u001b[0m\u001b[36m__tests__/controllers/customerPoints.controller.test.js\u001b[39m\u001b[0m\u001b[2m:90:8)\u001b[22m\u001b[2m\u001b[22m\n\u001b[2m      ----\u001b[22m\n\u001b[2m      \u001b[2mat Test._assertStatus (\u001b[22m\u001b[2m\u001b[0m\u001b[36mnode_modules/supertest/lib/test.js\u001b[39m\u001b[0m\u001b[2m:309:14)\u001b[22m\u001b[2m\u001b[22m\n\u001b[2m      \u001b[2mat \u001b[22m\u001b[2m\u001b[0m\u001b[36mnode_modules/supertest/lib/test.js\u001b[39m\u001b[0m\u001b[2m:365:13\u001b[22m\u001b[2m\u001b[22m\n\u001b[2m      \u001b[2mat Test._assertFunction (\u001b[22m\u001b[2m\u001b[0m\u001b[36mnode_modules/supertest/lib/test.js\u001b[39m\u001b[0m\u001b[2m:342:13)\u001b[22m\u001b[2m\u001b[22m\n\u001b[2m      \u001b[2mat Test.assert (\u001b[22m\u001b[2m\u001b[0m\u001b[36mnode_modules/supertest/lib/test.js\u001b[39m\u001b[0m\u001b[2m:195:23)\u001b[22m\u001b[2m\u001b[22m\n\u001b[2m      \u001b[2mat localAssert (\u001b[22m\u001b[2m\u001b[0m\u001b[36mnode_modules/supertest/lib/test.js\u001b[39m\u001b[0m\u001b[2m:138:14)\u001b[22m\u001b[2m\u001b[22m\n\u001b[2m      \u001b[2mat Server.<anonymous> (\u001b[22m\u001b[2m\u001b[0m\u001b[36mnode_modules/supertest/lib/test.js\u001b[39m\u001b[0m\u001b[2m:152:11)\u001b[22m\u001b[2m\u001b[22m\n\n\u001b[1m\u001b[31m  \u001b[1m● \u001b[22m\u001b[1mCustomer Points Controller › POST /api/customers/:customerId/points/adjust › debe ajustar puntos negativos (corrección)\u001b[39m\u001b[22m\n\n    expected 200 \"OK\", got 404 \"Not Found\"\n\u001b[2m\u001b[22m\n\u001b[2m    \u001b[0m \u001b[90m 88 |\u001b[39m       \u001b[33m.\u001b[39mpost(\u001b[32m\"/api/auth/login\"\u001b[39m)\u001b[22m\n\u001b[2m     \u001b[90m 89 |\u001b[39m       \u001b[33m.\u001b[39msend({ email\u001b[33m:\u001b[39m \u001b[32m\"admin.points@test.com\"\u001b[39m\u001b[33m,\u001b[39m password\u001b[33m:\u001b[39m \u001b[32m\"password123\"\u001b[39m })\u001b[22m\n\u001b[2m    \u001b[31m\u001b[1m>\u001b[22m\u001b[2m\u001b[39m\u001b[90m 90 |\u001b[39m       \u001b[33m.\u001b[39mexpect(\u001b[35m200\u001b[39m)\u001b[33m;\u001b[39m\u001b[22m\n\u001b[2m     \u001b[90m    |\u001b[39m        \u001b[31m\u001b[1m^\u001b[22m\u001b[2m\u001b[39m\u001b[22m\n\u001b[2m     \u001b[90m 91 |\u001b[39m     adminToken \u001b[33m=\u001b[39m login\u001b[33m.\u001b[39mbody\u001b[33m.\u001b[39mtoken\u001b[33m;\u001b[39m\u001b[22m\n\u001b[2m     \u001b[90m 92 |\u001b[39m\u001b[22m\n\u001b[2m     \u001b[90m 93 |\u001b[39m     \u001b[90m// Crear cliente de prueba\u001b[39m\u001b[0m\u001b[22m\n\u001b[2m\u001b[22m\n\u001b[2m      \u001b[2mat Object.<anonymous> (\u001b[22m\u001b[2m\u001b[0m\u001b[36m__tests__/controllers/customerPoints.controller.test.js\u001b[39m\u001b[0m\u001b[2m:90:8)\u001b[22m\u001b[2m\u001b[22m\n\u001b[2m      ----\u001b[22m\n\u001b[2m      \u001b[2mat Test._assertStatus (\u001b[22m\u001b[2m\u001b[0m\u001b[36mnode_modules/supertest/lib/test.js\u001b[39m\u001b[0m\u001b[2m:309:14)\u001b[22m\u001b[2m\u001b[22m\n\u001b[2m      \u001b[2mat \u001b[22m\u001b[2m\u001b[0m\u001b[36mnode_modules/supertest/lib/test.js\u001b[39m\u001b[0m\u001b[2m:365:13\u001b[22m\u001b[2m\u001b[22m\n\u001b[2m      \u001b[2mat Test._assertFunction (\u001b[22m\u001b[2m\u001b[0m\u001b[36mnode_modules/supertest/lib/test.js\u001b[39m\u001b[0m\u001b[2m:342:13)\u001b[22m\u001b[2m\u001b[22m\n\u001b[2m      \u001b[2mat Test.assert (\u001b[22m\u001b[2m\u001b[0m\u001b[36mnode_modules/supertest/lib/test.js\u001b[39m\u001b[0m\u001b[2m:195:23)\u001b[22m\u001b[2m\u001b[22m\n\u001b[2m      \u001b[2mat localAssert (\u001b[22m\u001b[2m\u001b[0m\u001b[36mnode_modules/supertest/lib/test.js\u001b[39m\u001b[0m\u001b[2m:138:14)\u001b[22m\u001b[2m\u001b[22m\n\u001b[2m      \u001b[2mat Server.<anonymous> (\u001b[22m\u001b[2m\u001b[0m\u001b[36mnode_modules/supertest/lib/test.js\u001b[39m\u001b[0m\u001b[2m:152:11)\u001b[22m\u001b[2m\u001b[22m\n\n\u001b[1m\u001b[31m  \u001b[1m● \u001b[22m\u001b[1mCustomer Points Controller › POST /api/customers/:customerId/points/adjust › debe rechazar puntos = 0\u001b[39m\u001b[22m\n\n    expected 200 \"OK\", got 404 \"Not Found\"\n\u001b[2m\u001b[22m\n\u001b[2m    \u001b[0m \u001b[90m 88 |\u001b[39m       \u001b[33m.\u001b[39mpost(\u001b[32m\"/api/auth/login\"\u001b[39m)\u001b[22m\n\u001b[2m     \u001b[90m 89 |\u001b[39m       \u001b[33m.\u001b[39msend({ email\u001b[33m:\u001b[39m \u001b[32m\"admin.points@test.com\"\u001b[39m\u001b[33m,\u001b[39m password\u001b[33m:\u001b[39m \u001b[32m\"password123\"\u001b[39m })\u001b[22m\n\u001b[2m    \u001b[31m\u001b[1m>\u001b[22m\u001b[2m\u001b[39m\u001b[90m 90 |\u001b[39m       \u001b[33m.\u001b[39mexpect(\u001b[35m200\u001b[39m)\u001b[33m;\u001b[39m\u001b[22m\n\u001b[2m     \u001b[90m    |\u001b[39m        \u001b[31m\u001b[1m^\u001b[22m\u001b[2m\u001b[39m\u001b[22m\n\u001b[2m     \u001b[90m 91 |\u001b[39m     adminToken \u001b[33m=\u001b[39m login\u001b[33m.\u001b[39mbody\u001b[33m.\u001b[39mtoken\u001b[33m;\u001b[39m\u001b[22m\n\u001b[2m     \u001b[90m 92 |\u001b[39m\u001b[22m\n\u001b[2m     \u001b[90m 93 |\u001b[39m     \u001b[90m// Crear cliente de prueba\u001b[39m\u001b[0m\u001b[22m\n\u001b[2m\u001b[22m\n\u001b[2m      \u001b[2mat Object.<anonymous> (\u001b[22m\u001b[2m\u001b[0m\u001b[36m__tests__/controllers/customerPoints.controller.test.js\u001b[39m\u001b[0m\u001b[2m:90:8)\u001b[22m\u001b[2m\u001b[22m\n\u001b[2m      ----\u001b[22m\n\u001b[2m      \u001b[2mat Test._assertStatus (\u001b[22m\u001b[2m\u001b[0m\u001b[36mnode_modules/supertest/lib/test.js\u001b[39m\u001b[0m\u001b[2m:309:14)\u001b[22m\u001b[2m\u001b[22m\n\u001b[2m      \u001b[2mat \u001b[22m\u001b[2m\u001b[0m\u001b[36mnode_modules/supertest/lib/test.js\u001b[39m\u001b[0m\u001b[2m:365:13\u001b[22m\u001b[2m\u001b[22m\n\u001b[2m      \u001b[2mat Test._assertFunction (\u001b[22m\u001b[2m\u001b[0m\u001b[36mnode_modules/supertest/lib/test.js\u001b[39m\u001b[0m\u001b[2m:342:13)\u001b[22m\u001b[2m\u001b[22m\n\u001b[2m      \u001b[2mat Test.assert (\u001b[22m\u001b[2m\u001b[0m\u001b[36mnode_modules/supertest/lib/test.js\u001b[39m\u001b[0m\u001b[2m:195:23)\u001b[22m\u001b[2m\u001b[22m\n\u001b[2m      \u001b[2mat localAssert (\u001b[22m\u001b[2m\u001b[0m\u001b[36mnode_modules/supertest/lib/test.js\u001b[39m\u001b[0m\u001b[2m:138:14)\u001b[22m\u001b[2m\u001b[22m\n\u001b[2m      \u001b[2mat Server.<anonymous> (\u001b[22m\u001b[2m\u001b[0m\u001b[36mnode_modules/supertest/lib/test.js\u001b[39m\u001b[0m\u001b[2m:152:11)\u001b[22m\u001b[2m\u001b[22m\n\n\u001b[1m\u001b[31m  \u001b[1m● \u001b[22m\u001b[1mCustomer Points Controller › POST /api/customers/:customerId/points/adjust › debe rechazar sin razón válida\u001b[39m\u001b[22m\n\n    expected 200 \"OK\", got 404 \"Not Found\"\n\u001b[2m\u001b[22m\n\u001b[2m    \u001b[0m \u001b[90m 88 |\u001b[39m       \u001b[33m.\u001b[39mpost(\u001b[32m\"/api/auth/login\"\u001b[39m)\u001b[22m\n\u001b[2m     \u001b[90m 89 |\u001b[39m       \u001b[33m.\u001b[39msend({ email\u001b[33m:\u001b[39m \u001b[32m\"admin.points@test.com\"\u001b[39m\u001b[33m,\u001b[39m password\u001b[33m:\u001b[39m \u001b[32m\"password123\"\u001b[39m })\u001b[22m\n\u001b[2m    \u001b[31m\u001b[1m>\u001b[22m\u001b[2m\u001b[39m\u001b[90m 90 |\u001b[39m       \u001b[33m.\u001b[39mexpect(\u001b[35m200\u001b[39m)\u001b[33m;\u001b[39m\u001b[22m\n\u001b[2m     \u001b[90m    |\u001b[39m        \u001b[31m\u001b[1m^\u001b[22m\u001b[2m\u001b[39m\u001b[22m\n\u001b[2m     \u001b[90m 91 |\u001b[39m     adminToken \u001b[33m=\u001b[39m login\u001b[33m.\u001b[39mbody\u001b[33m.\u001b[39mtoken\u001b[33m;\u001b[39m\u001b[22m\n\u001b[2m     \u001b[90m 92 |\u001b[39m\u001b[22m\n\u001b[2m     \u001b[90m 93 |\u001b[39m     \u001b[90m// Crear cliente de prueba\u001b[39m\u001b[0m\u001b[22m\n\u001b[2m\u001b[22m\n\u001b[2m      \u001b[2mat Object.<anonymous> (\u001b[22m\u001b[2m\u001b[0m\u001b[36m__tests__/controllers/customerPoints.controller.test.js\u001b[39m\u001b[0m\u001b[2m:90:8)\u001b[22m\u001b[2m\u001b[22m\n\u001b[2m      ----\u001b[22m\n\u001b[2m      \u001b[2mat Test._assertStatus (\u001b[22m\u001b[2m\u001b[0m\u001b[36mnode_modules/supertest/lib/test.js\u001b[39m\u001b[0m\u001b[2m:309:14)\u001b[22m\u001b[2m\u001b[22m\n\u001b[2m      \u001b[2mat \u001b[22m\u001b[2m\u001b[0m\u001b[36mnode_modules/supertest/lib/test.js\u001b[39m\u001b[0m\u001b[2m:365:13\u001b[22m\u001b[2m\u001b[22m\n\u001b[2m      \u001b[2mat Test._assertFunction (\u001b[22m\u001b[2m\u001b[0m\u001b[36mnode_modules/supertest/lib/test.js\u001b[39m\u001b[0m\u001b[2m:342:13)\u001b[22m\u001b[2m\u001b[22m\n\u001b[2m      \u001b[2mat Test.assert (\u001b[22m\u001b[2m\u001b[0m\u001b[36mnode_modules/supertest/lib/test.js\u001b[39m\u001b[0m\u001b[2m:195:23)\u001b[22m\u001b[2m\u001b[22m\n\u001b[2m      \u001b[2mat localAssert (\u001b[22m\u001b[2m\u001b[0m\u001b[36mnode_modules/supertest/lib/test.js\u001b[39m\u001b[0m\u001b[2m:138:14)\u001b[22m\u001b[2m\u001b[22m\n\u001b[2m      \u001b[2mat Server.<anonymous> (\u001b[22m\u001b[2m\u001b[0m\u001b[36mnode_modules/supertest/lib/test.js\u001b[39m\u001b[0m\u001b[2m:152:11)\u001b[22m\u001b[2m\u001b[22m\n\n\u001b[1m\u001b[31m  \u001b[1m● \u001b[22m\u001b[1mCustomer Points Controller › POST /api/customers/:customerId/points/validate-redemption › debe aprobar redención válida\u001b[39m\u001b[22m\n\n    expected 200 \"OK\", got 404 \"Not Found\"\n\u001b[2m\u001b[22m\n\u001b[2m    \u001b[0m \u001b[90m 88 |\u001b[39m       \u001b[33m.\u001b[39mpost(\u001b[32m\"/api/auth/login\"\u001b[39m)\u001b[22m\n\u001b[2m     \u001b[90m 89 |\u001b[39m       \u001b[33m.\u001b[39msend({ email\u001b[33m:\u001b[39m \u001b[32m\"admin.points@test.com\"\u001b[39m\u001b[33m,\u001b[39m password\u001b[33m:\u001b[39m \u001b[32m\"password123\"\u001b[39m })\u001b[22m\n\u001b[2m    \u001b[31m\u001b[1m>\u001b[22m\u001b[2m\u001b[39m\u001b[90m 90 |\u001b[39m       \u001b[33m.\u001b[39mexpect(\u001b[35m200\u001b[39m)\u001b[33m;\u001b[39m\u001b[22m\n\u001b[2m     \u001b[90m    |\u001b[39m        \u001b[31m\u001b[1m^\u001b[22m\u001b[2m\u001b[39m\u001b[22m\n\u001b[2m     \u001b[90m 91 |\u001b[39m     adminToken \u001b[33m=\u001b[39m login\u001b[33m.\u001b[39mbody\u001b[33m.\u001b[39mtoken\u001b[33m;\u001b[39m\u001b[22m\n\u001b[2m     \u001b[90m 92 |\u001b[39m\u001b[22m\n\u001b[2m     \u001b[90m 93 |\u001b[39m     \u001b[90m// Crear cliente de prueba\u001b[39m\u001b[0m\u001b[22m\n\u001b[2m\u001b[22m\n\u001b[2m      \u001b[2mat Object.<anonymous> (\u001b[22m\u001b[2m\u001b[0m\u001b[36m__tests__/controllers/customerPoints.controller.test.js\u001b[39m\u001b[0m\u001b[2m:90:8)\u001b[22m\u001b[2m\u001b[22m\n\u001b[2m      ----\u001b[22m\n\u001b[2m      \u001b[2mat Test._assertStatus (\u001b[22m\u001b[2m\u001b[0m\u001b[36mnode_modules/supertest/lib/test.js\u001b[39m\u001b[0m\u001b[2m:309:14)\u001b[22m\u001b[2m\u001b[22m\n\u001b[2m      \u001b[2mat \u001b[22m\u001b[2m\u001b[0m\u001b[36mnode_modules/supertest/lib/test.js\u001b[39m\u001b[0m\u001b[2m:365:13\u001b[22m\u001b[2m\u001b[22m\n\u001b[2m      \u001b[2mat Test._assertFunction (\u001b[22m\u001b[2m\u001b[0m\u001b[36mnode_modules/supertest/lib/test.js\u001b[39m\u001b[0m\u001b[2m:342:13)\u001b[22m\u001b[2m\u001b[22m\n\u001b[2m      \u001b[2mat Test.assert (\u001b[22m\u001b[2m\u001b[0m\u001b[36mnode_modules/supertest/lib/test.js\u001b[39m\u001b[0m\u001b[2m:195:23)\u001b[22m\u001b[2m\u001b[22m\n\u001b[2m      \u001b[2mat localAssert (\u001b[22m\u001b[2m\u001b[0m\u001b[36mnode_modules/supertest/lib/test.js\u001b[39m\u001b[0m\u001b[2m:138:14)\u001b[22m\u001b[2m\u001b[22m\n\u001b[2m      \u001b[2mat Server.<anonymous> (\u001b[22m\u001b[2m\u001b[0m\u001b[36mnode_modules/supertest/lib/test.js\u001b[39m\u001b[0m\u001b[2m:152:11)\u001b[22m\u001b[2m\u001b[22m\n\n\u001b[1m\u001b[31m  \u001b[1m● \u001b[22m\u001b[1mCustomer Points Controller › POST /api/customers/:customerId/points/validate-redemption › debe rechazar redención que excede puntos disponibles\u001b[39m\u001b[22m\n\n    expected 200 \"OK\", got 404 \"Not Found\"\n\u001b[2m\u001b[22m\n\u001b[2m    \u001b[0m \u001b[90m 88 |\u001b[39m       \u001b[33m.\u001b[39mpost(
[...]
asons":[],"status":"passed","title":"Debe rechazar request sin header Authorization"},{"ancestorTitles":["Auth Middleware - Request Headers"],"duration":1,"failureDetails":[],"failureMessages":[],"fullName":"Auth Middleware - Request Headers Debe rechazar header Authorization sin Bearer","invocations":1,"location":null,"numPassingAsserts":1,"retryReasons":[],"status":"passed","title":"Debe rechazar header Authorization sin Bearer"},{"ancestorTitles":["Auth Middleware - Request Headers"],"duration":1,"failureDetails":[],"failureMessages":[],"fullName":"Auth Middleware - Request Headers Debe manejar diferentes formatos de header","invocations":1,"location":null,"numPassingAsserts":4,"retryReasons":[],"status":"passed","title":"Debe manejar diferentes formatos de header"},{"ancestorTitles":["Auth Middleware - Password Security"],"duration":1,"failureDetails":[],"failureMessages":[],"fullName":"Auth Middleware - Password Security Password debe tener longitud mínima","invocations":1,"location":null,"numPassingAsserts":3,"retryReasons":[],"status":"passed","title":"Password debe tener longitud mínima"},{"ancestorTitles":["Auth Middleware - Password Security"],"duration":1,"failureDetails":[],"failureMessages":[],"fullName":"Auth Middleware - Password Security Password debe rechazar longitudes cortas","invocations":1,"location":null,"numPassingAsserts":3,"retryReasons":[],"status":"passed","title":"Password debe rechazar longitudes cortas"},{"ancestorTitles":["Auth Middleware - Password Security"],"duration":1,"failureDetails":[],"failureMessages":[],"fullName":"Auth Middleware - Password Security Email debe tener formato válido","invocations":1,"location":null,"numPassingAsserts":3,"retryReasons":[],"status":"passed","title":"Email debe tener formato válido"},{"ancestorTitles":["Auth Middleware - Password Security"],"duration":1,"failureDetails":[],"failureMessages":[],"fullName":"Auth Middleware - Password Security Email debe rechazar formatos inválidos","invocations":1,"location":null,"numPassingAsserts":5,"retryReasons":[],"status":"passed","title":"Email debe rechazar formatos inválidos"}],"endTime":1775870047241,"message":"","name":"C:\\Users\\sergu\\OneDrive\\Desktop\\MIS PROYECTOS PROFESIONALES\\landing essence\\react-tailwindcss\\server\\__tests__\\middleware\\auth.middleware.test.js","startTime":1775870047048,"status":"passed","summary":""},{"assertionResults":[{"ancestorTitles":["Business Logic - Profit Calculations","Employee Profit Percentage"],"duration":2,"failureDetails":[],"failureMessages":[],"fullName":"Business Logic - Profit Calculations Employee Profit Percentage Employee normal debe tener 20%","invocations":1,"location":null,"numPassingAsserts":1,"retryReasons":[],"status":"passed","title":"Employee normal debe tener 20%"},{"ancestorTitles":["Business Logic - Profit Calculations","Employee Profit Percentage"],"duration":0,"failureDetails":[],"failureMessages":[],"fullName":"Business Logic - Profit Calculations Employee Profit Percentage Employee 3er lugar debe tener 21%","invocations":1,"location":null,"numPassingAsserts":1,"retryReasons":[],"status":"passed","title":"Employee 3er lugar debe tener 21%"},{"ancestorTitles":["Business Logic - Profit Calculations","Employee Profit Percentage"],"duration":1,"failureDetails":[],"failureMessages":[],"fullName":"Business Logic - Profit Calculations Employee Profit Percentage Employee 2do lugar debe tener 23%","invocations":1,"location":null,"numPassingAsserts":1,"retryReasons":[],"status":"passed","title":"Employee 2do lugar debe tener 23%"},{"ancestorTitles":["Business Logic - Profit Calculations","Employee Profit Percentage"],"duration":0,"failureDetails":[],"failureMessages":[],"fullName":"Business Logic - Profit Calculations Employee Profit Percentage Employee 1er lugar debe tener 25%","invocations":1,"location":null,"numPassingAsserts":1,"retryReasons":[],"status":"passed","title":"Employee 1er lugar debe tener 25%"},{"ancestorTitles":["Business Logic - Profit Calculations","Employee Profit Percentage"],"duration":0,"failureDetails":[],"failureMessages":[],"fullName":"Business Logic - Profit Calculations Employee Profit Percentage Admin debe tener 0%","invocations":1,"location":null,"numPassingAsserts":1,"retryReasons":[],"status":"passed","title":"Admin debe tener 0%"},{"ancestorTitles":["Business Logic - Profit Calculations","Profit Formulas - Normal (20%)"],"duration":0,"failureDetails":[],"failureMessages":[],"fullName":"Business Logic - Profit Calculations Profit Formulas - Normal (20%) Ganancia employee = salePrice * 20% * quantity","invocations":1,"location":null,"numPassingAsserts":1,"retryReasons":[],"status":"passed","title":"Ganancia employee = salePrice * 20% * quantity"},{"ancestorTitles":["Business Logic - Profit Calculations","Profit Formulas - Normal (20%)"],"duration":1,"failureDetails":[],"failureMessages":[],"fullName":"Business Logic - Profit Calculations Profit Formulas - Normal (20%) Pago employee = salePrice * 80% * quantity","invocations":1,"location":null,"numPassingAsserts":1,"retryReasons":[],"status":"passed","title":"Pago employee = salePrice * 80% * quantity"},{"ancestorTitles":["Business Logic - Profit Calculations","Profit Formulas - Normal (20%)"],"duration":1,"failureDetails":[],"failureMessages":[],"fullName":"Business Logic - Profit Calculations Profit Formulas - Normal (20%) Ganancia admin = (employeePayment - cost) * quantity","invocations":1,"location":null,"numPassingAsserts":1,"retryReasons":[],"status":"passed","title":"Ganancia admin = (employeePayment - cost) * quantity"},{"ancestorTitles":["Business Logic - Profit Calculations","Profit Formulas - Normal (20%)"],"duration":1,"failureDetails":[],"failureMessages":[],"fullName":"Business Logic - Profit Calculations Profit Formulas - Normal (20%) Ganancia total = employeeProfit + adminProfit","invocations":1,"location":null,"numPassingAsserts":1,"retryReasons":[],"status":"passed","title":"Ganancia total = employeeProfit + adminProfit"},{"ancestorTitles":["Business Logic - Profit Calculations","Profit Formulas - 1er Lugar (25%)"],"duration":1,"failureDetails":[],"failureMessages":[],"fullName":"Business Logic - Profit Calculations Profit Formulas - 1er Lugar (25%) Ganancia employee = salePrice * 25% * quantity","invocations":1,"location":null,"numPassingAsserts":1,"retryReasons":[],"status":"passed","title":"Ganancia employee = salePrice * 25% * quantity"},{"ancestorTitles":["Business Logic - Profit Calculations","Profit Formulas - 1er Lugar (25%)"],"duration":1,"failureDetails":[],"failureMessages":[],"fullName":"Business Logic - Profit Calculations Profit Formulas - 1er Lugar (25%) Pago employee = salePrice * 75% * quantity","invocations":1,"location":null,"numPassingAsserts":1,"retryReasons":[],"status":"passed","title":"Pago employee = salePrice * 75% * quantity"},{"ancestorTitles":["Business Logic - Profit Calculations","Profit Formulas - 1er Lugar (25%)"],"duration":0,"failureDetails":[],"failureMessages":[],"fullName":"Business Logic - Profit Calculations Profit Formulas - 1er Lugar (25%) Ganancia admin = (employeePayment - cost) * quantity","invocations":1,"location":null,"numPassingAsserts":1,"retryReasons":[],"status":"passed","title":"Ganancia admin = (employeePayment - cost) * quantity"},{"ancestorTitles":["Business Logic - Profit Calculations","Profit Formulas - 1er Lugar (25%)"],"duration":0,"failureDetails":[],"failureMessages":[],"fullName":"Business Logic - Profit Calculations Profit Formulas - 1er Lugar (25%) Ganancia total = employeeProfit + adminProfit","invocations":1,"location":null,"numPassingAsserts":1,"retryReasons":[],"status":"passed","title":"Ganancia total = employeeProfit + adminProfit"},{"ancestorTitles":["Business Logic - Profit Calculations","Profit Formulas - Admin Direct Sale"],"duration":0,"failureDetails":[],"failureMessages":[],"fullName":"Business Logic - Profit Calculations Profit Formulas - Admin Direct Sale Admin vende directamente - ganancia = (salePrice - cost) * quantity","invocations":1,"location":null,"numPassingAsserts":1,"retryReasons":[],"status":"passed","title":"Admin vende directamente - ganancia = (salePrice - cost) * quantity"},{"ancestorTitles":["Business Logic - Profit Calculations","Profit Formulas - Admin Direct Sale"],"duration":1,"failureDetails":[],"failureMessages":[],"fullName":"Business Logic - Profit Calculations Profit Formulas - Admin Direct Sale Admin vende directamente - employeeProfit = 0","invocations":1,"location":null,"numPassingAsserts":1,"retryReasons":[],"status":"passed","title":"Admin vende directamente - employeeProfit = 0"},{"ancestorTitles":["Business Logic - Profit Calculations","Profit Formulas - Admin Direct Sale"],"duration":1,"failureDetails":[],"failureMessages":[],"fullName":"Business Logic - Profit Calculations Profit Formulas - Admin Direct Sale Admin vende directamente - totalProfit = adminProfit","invocations":1,"location":null,"numPassingAsserts":1,"retryReasons":[],"status":"passed","title":"Admin vende directamente - totalProfit = adminProfit"},{"ancestorTitles":["Business Logic - Profit Calculations","Price Validations"],"duration":1,"failureDetails":[],"failureMessages":[],"fullName":"Business Logic - Profit Calculations Price Validations purchasePrice debe ser menor que employeePrice","invocations":1,"location":null,"numPassingAsserts":1,"retryReasons":[],"status":"passed","title":"purchasePrice debe ser menor que employeePrice"},{"ancestorTitles":["Business Logic - Profit Calculations","Price Validations"],"duration":2,"failureDetails":[],"failureMessages":[],"fullName":"Business Logic - Profit Calculations Price Validations employeePrice debe ser menor que salePrice","invocations":1,"location":null,"numPassingAsserts":1,"retryReasons":[],"status":"passed","title":"employeePrice debe ser menor que salePrice"},{"ancestorTitles":["Business Logic - Profit Calculations","Price Validations"],"duration":1,"failureDetails":[],"failureMessages":[],"fullName":"Business Logic - Profit Calculations Price Validations purchasePrice debe ser menor que salePrice","invocations":1,"location":null,"numPassingAsserts":1,"retryReasons":[],"status":"passed","title":"purchasePrice debe ser menor que salePrice"},{"ancestorTitles":["Business Logic - Profit Calculations","Price Validations"],"duration":1,"failureDetails":[],"failureMessages":[],"fullName":"Business Logic - Profit Calculations Price Validations Precios no pueden ser negativos","invocations":1,"location":null,"numPassingAsserts":3,"retryReasons":[],"status":"passed","title":"Precios no pueden ser negativos"},{"ancestorTitles":["Business Logic - Stock Management"],"duration":1,"failureDetails":[],"failureMessages":[],"fullName":"Business Logic - Stock Management Stock debe decrementar al hacer venta","invocations":1,"location":null,"numPassingAsserts":1,"retryReasons":[],"status":"passed","title":"Stock debe decrementar al hacer venta"},{"ancestorTitles":["Business Logic - Stock Management"],"duration":1,"failureDetails":[],"failureMessages":[],"fullName":"Business Logic - Stock Management Stock no puede ser negativo","invocations":1,"location":null,"numPassingAsserts":1,"retryReasons":[],"status":"passed","title":"Stock no puede ser negativo"},{"ancestorTitles":["Business Logic - Stock Management"],"duration":0,"failureDetails":[],"failureMessages":[],"fullName":"Business Logic - Stock Management Debe validar stock suficiente antes de venta","invocations":1,"location":null,"numPassingAsserts":1,"retryReasons":[],"status":"passed","title":"Debe validar stock suficiente antes de venta"},{"ancestorTitles":["Business Logic - Stock Management"],"duration":4,"failureDetails":[],"failureMessages":[],"fullName":"Business Logic - Stock Management Stock 0 significa producto no disponible","invocations":1,"location":null,"numPassingAsserts":1,"retryReasons":[],"status":"passed","title":"Stock 0 significa producto no disponible"},{"ancestorTitles":["Business Logic - Sale ID Format"],"duration":1,"failureDetails":[],"failureMessages":[],"fullName":"Business Logic - Sale ID Format saleId debe seguir formato VTA-YYYY-NNNN","invocations":1,"location":null,"numPassingAsserts":1,"retryReasons":[],"status":"passed","title":"saleId debe seguir formato VTA-YYYY-NNNN"},{"ancestorTitles":["Business Logic - Sale ID Format"],"duration":1,"failureDetails":[],"failureMessages":[],"fullName":"Business Logic - Sale ID Format saleId debe incluir año actual","invocations":1,"location":null,"numPassingAsserts":1,"retryReasons":[],"status":"passed","title":"saleId debe incluir año actual"},{"ancestorTitles":["Business Logic - Sale ID Format"],"duration":1,"failureDetails":[],"failureMessages":[],"fullName":"Business Logic - Sale ID Format saleId debe tener contador de 4 dígitos","invocations":1,"location":null,"numPassingAsserts":3,"retryReasons":[],"status":"passed","title":"saleId debe tener contador de 4 dígitos"},{"ancestorTitles":["Business Logic - Sale ID Format"],"duration":1,"failureDetails":[],"failureMessages":[],"fullName":"Business Logic - Sale ID Format saleId debe incrementar secuencialmente","invocations":1,"location":null,"numPassingAsserts":1,"retryReasons":[],"status":"passed","title":"saleId debe incrementar secuencialmente"},{"ancestorTitles":["Business Logic - Ranking System"],"duration":2,"failureDetails":[],"failureMessages":[],"fullName":"Business Logic - Ranking System Ranking debe basarse en ingresos totales","invocations":1,"location":null,"numPassingAsserts":3,"retryReasons":[],"status":"passed","title":"Ranking debe basarse en ingresos totales"},{"ancestorTitles":["Business Logic - Ranking System"],"duration":2,"failureDetails":[],"failureMessages":[],"fullName":"Business Logic - Ranking System Solo ventas confirmadas deben contar para ranking","invocations":1,"location":null,"numPassingAsserts":2,"retryReasons":[],"status":"passed","title":"Solo ventas confirmadas deben contar para ranking"},{"ancestorTitles":["Business Logic - Ranking System"],"duration":1,"failureDetails":[],"failureMessages":[],"fullName":"Business Logic - Ranking System Empate en ventas mantiene orden de primero en llegar","invocations":1,"location":null,"numPassingAsserts":1,"retryReasons":[],"status":"passed","title":"Empate en ventas mantiene orden de primero en llegar"},{"ancestorTitles":["Business Logic - Payment Status"],"duration":1,"failureDetails":[],"failureMessages":[],"fullName":"Business Logic - Payment Status Venta nueva debe tener status \"pendiente\"","invocations":1,"location":null,"numPassingAsserts":1,"retryReasons":[],"status":"passed","title":"Venta nueva debe tener status \"pendiente\""},{"ancestorTitles":["Business Logic - Payment Status"],"duration":1,"failureDetails":[],"failureMessages":[],"fullName":"Business Logic - Payment Status Venta confirmada debe tener status \"confirmado\"","invocations":1,"location":null,"numPassingAsserts":1,"retryReasons":[],"status":"passed","title":"Venta confirmada debe tener status \"confirmado\""},{"ancestorTitles":["Business Logic - Payment Status"],"duration":1,"failureDetails":[],"failureMessages":[],"fullName":"Business Logic - Payment Status Venta rechazada debe tener status \"rechazado\"","invocations":1,"location":null,"numPassingAsserts":1,"retryReasons":[],"status":"passed","title":"Venta rechazada debe tener status \"rechazado\""},{"ancestorTitles":["Business Logic - Payment Status"],"duration":1,"failureDetails":[],"failureMessages":[],"fullName":"Business Logic - Payment Status Solo estados válidos deben ser permitidos","invocations":1,"location":null,"numPassingAsserts":1,"retryReasons":[],"status":"passed","title":"Solo estados válidos deben ser permitidos"},{"ancestorTitles":["Business Logic - Payment Status"],"duration":2,"failureDetails":[],"failureMessages":[],"fullName":"Business Logic - Payment Status Estado inválido debe ser rechazado","invocations":1,"location":null,"numPassingAsserts":1,"retryReasons":[],"status":"passed","title":"Estado inválido debe ser rechazado"}],"endTime":1775870047423,"message":"","name":"C:\\Users\\sergu\\OneDrive\\Desktop\\MIS PROYECTOS PROFESIONALES\\landing essence\\react-tailwindcss\\server\\__tests__\\utils\\business-logic.test.js","startTime":1775870047247,"status":"passed","summary":""},{"assertionResults":[],"coverage":{},"endTime":1775870061436,"message":"  \u001b[1m● \u001b[22mTest suite failed to run\n\n    Cannot find module '../../services/customerPoints.service.js' from '__tests__/services/customerPoints.service.test.js'\n\n      \u001b[2mat Resolver._throwModNotFoundError (\u001b[22mnode_modules/jest-resolve/build/resolver.js\u001b[2m:427:11)\u001b[22m\n","name":"C:\\Users\\sergu\\OneDrive\\Desktop\\MIS PROYECTOS PROFESIONALES\\landing essence\\react-tailwindcss\\server\\__tests__\\services\\customerPoints.service.test.js","startTime":1775870061436,"status":"failed","summary":""},{"assertionResults":[],"coverage":{},"endTime":1775870061436,"message":"  \u001b[1m● \u001b[22mTest suite failed to run\n\n    Cannot find module '../../controllers/pushSubscription.controller.js' from '__tests__/controllers/pushSubscription.controller.test.js'\n\n      \u001b[2mat Resolver._throwModNotFoundError (\u001b[22mnode_modules/jest-resolve/build/resolver.js\u001b[2m:427:11)\u001b[22m\n","name":"C:\\Users\\sergu\\OneDrive\\Desktop\\MIS PROYECTOS PROFESIONALES\\landing essence\\react-tailwindcss\\server\\__tests__\\controllers\\pushSubscription.controller.test.js","startTime":1775870061436,"status":"failed","summary":""},{"assertionResults":[],"coverage":{},"endTime":1775870061436,"message":"  \u001b[1m● \u001b[22mTest suite failed to run\n\n    Cannot find module '../../controllers/issue.controller.js' from '__tests__/controllers/issue.controller.test.js'\n\n      \u001b[2mat Resolver._throwModNotFoundError (\u001b[22mnode_modules/jest-resolve/build/resolver.js\u001b[2m:427:11)\u001b[22m\n","name":"C:\\Users\\sergu\\OneDrive\\Desktop\\MIS PROYECTOS PROFESIONALES\\landing essence\\react-tailwindcss\\server\\__tests__\\controllers\\issue.controller.test.js","startTime":1775870061436,"status":"failed","summary":""},{"assertionResults":[],"coverage":{},"endTime":1775870061436,"message":"  \u001b[1m● \u001b[22mTest suite failed to run\n\n    Cannot find module '../../controllers/gamification.controller.js' from '__tests__/controllers/gamification.controller.test.js'\n\n      \u001b[2mat Resolver._throwModNotFoundError (\u001b[22mnode_modules/jest-resolve/build/resolver.js\u001b[2m:427:11)\u001b[22m\n","name":"C:\\Users\\sergu\\OneDrive\\Desktop\\MIS PROYECTOS PROFESIONALES\\landing essence\\react-tailwindcss\\server\\__tests__\\controllers\\gamification.controller.test.js","startTime":1775870061436,"status":"failed","summary":""},{"assertionResults":[],"coverage":{},"endTime":1775870061436,"message":"  \u001b[1m● \u001b[22mTest suite failed to run\n\n    Cannot find module '../../controllers/expense.controller.js' from '__tests__/controllers/expense.controller.test.js'\n\n      \u001b[2mat Resolver._throwModNotFoundError (\u001b[22mnode_modules/jest-resolve/build/resolver.js\u001b[2m:427:11)\u001b[22m\n","name":"C:\\Users\\sergu\\OneDrive\\Desktop\\MIS PROYECTOS PROFESIONALES\\landing essence\\react-tailwindcss\\server\\__tests__\\controllers\\expense.controller.test.js","startTime":1775870061436,"status":"failed","summary":""},{"assertionResults":[],"coverage":{},"endTime":1775870061436,"message":"  \u001b[1m● \u001b[22mTest suite failed to run\n\n    Cannot find module '../../controllers/customer.controller.js' from '__tests__/controllers/customer.controller.test.js'\n\n      \u001b[2mat Resolver._throwModNotFoundError (\u001b[22mnode_modules/jest-resolve/build/resolver.js\u001b[2m:427:11)\u001b[22m\n","name":"C:\\Users\\sergu\\OneDrive\\Desktop\\MIS PROYECTOS PROFESIONALES\\landing essence\\react-tailwindcss\\server\\__tests__\\controllers\\customer.controller.test.js","startTime":1775870061436,"status":"failed","summary":""}],"wasInterrupted":false}
